  Fri Sep  8 15:03:41 2017 for program Focmec
 Sakhalin:  8 BB data  RW 0.2 ratio error 0.2:  fixed CMT
 Input from a file focmec_8sta.inp
 12-MAY-90 Sakhalin Island event:  161221 disp picks

 Statn  Azimuth    TOA   Key  Log10 Ratio  NumPol  DenTOA  Comment
  BLA     32.6     28.1   D                                
  BLA     32.6     31.0   R                                
  BLA     32.6     31.0   F                                
  CCM     39.7     30.6   D                                
  CCM     39.7     33.2   R                                
  COR     54.7     40.8   D                                
  COR     54.7     42.5   R                                
  COR     54.7     42.5   B                                
  HRV     24.2     29.2   D                                
  HRV     24.2     32.0   R                                
  HRV     24.2     32.0   F                                
  KEV    336.5     45.2   D                                
  KEV    336.5     46.4   L                                
  KEV    336.5     46.4   B                                
  KIP     97.8     44.0   C                                
  KIP     97.8     45.4   R                                
  KIP     97.8     45.4   B                                
  PAS     59.8     35.7   D                                
  PAS     59.8     37.9   R                                
  PAS     59.8     37.9   B                                
  TOL    334.5     28.0   D                                
  TOL    334.5     30.9   L                                
  TOL    334.5     30.9   F                                
  BLA     44.8     31.0   H      0.8847 SH    R      28.06  -119100.0,-18450.0,500,1000,0.03,0
  COR     54.7     42.5   H      1.1785 SH    R      40.75  -227400.0,-15830.0,500,1000,0.03,0
  HRV     24.2     32.0   H      0.6013 SH    R      29.25  -85120.0,-25080.0,500,1000,0.03,0.
  KEV    336.5     46.4   H      0.3287 SH    L      45.20  95680.0,-44900.0,500,1000,0.03,0.0
  KIP     97.8     45.4   H      0.8291 SH    R      44.05  -138800.0,20840.0,500,1000,0.03,0.
  KIP     97.8     45.4   V      0.8033 SV    B      44.05  -131700.0,20840.0,500,1000,0.03,0.
  PAS     59.8     37.9   H      1.0783 SH    R      35.68  -140400.0,-12980.0,500,1000,0.03,0
  TOL    334.5     30.9   H      0.2576 SH    L      28.00  47310.0,-31070.0,500,1000,0.03,0.0
  TOL    334.5     30.9   S     -0.2762 SS    F      30.90  1013.0,2103.0
  HRV     24.2     32.0   S     -0.4283 SS    F      31.95  2619.0,-7748.0
  KEV    336.5     46.4   S     -0.0830 SS    B      46.37  -3618.0,4124.0
   8 P Pol.  7 SV Pol.  8 SH Pol.  0.2 allowed (weighted) errors
 11 ratios, maximum of  2 with |o-c| diff >  0.2000    Focus VP/VS: 1.8225
For ratios,  0.100 = P radiation cutoff  0.100 = S radiation cutoff
 FLAG is NUM, DEN, N&D if n, d, both below curoff
 If FLAG N&D, total ratios used decreased by 1
 The minimum, increment and maximum B axis trend:   229.24    5.00  229.24
 The limits for the B axis plunge:    25.09    5.00   25.09
 The limits for Angle:   105.30    5.00  105.30
 ++++++++++++++++++++++++++++++++++++++++++++++++++++++++++++++++++++++++++++

     Dip,Strike,Rake     76.17    55.86   -64.11
     Dip,Strike,Rake     29.12   172.08  -150.59   Auxiliary Plane
     Lower Hem. Trend, Plunge of A,N     82.08    60.88   325.86    13.83
     Lower Hem. Trend, Plunge of P,T    355.87    51.88   125.65    26.66
     B trend, B plunge, Angle:  229.24  25.09 105.30

          Log10(Ratio)                              Ratio     S Polarity
     Observed  Calculated    Difference  Station     Type     Obs.  Calc. Flag
      0.8847      0.9380      -0.0533      BLA        SH       R      R       
      1.1785      1.1548       0.0237      COR        SH       R      R       
      0.6013      0.5973       0.0040      HRV        SH       R      R       
      0.3287      0.3261       0.0026      KEV        SH       L      L       
      0.8291      0.8642      -0.0351      KIP        SH       R      R       
      0.8033      0.7599       0.0434      KIP        SV       B      B       
      1.0783      1.2614      -0.1831      PAS        SH       R      R       
      0.2576      0.1682       0.0894      TOL        SH       L      L       
     -0.2762     -0.3543       0.0781      TOL        SS       F      F    NUM
     -0.4283     -0.5381       0.1098      HRV        SS       F      F       
     -0.0830      0.0787      -0.1617      KEV        SS       B      B       

Total number of ratios used is  11
RMS error for the 11 acceptable solutions is 0.0916
  Highest absolute velue of diff for those solutions is  0.1831
++++++++++++++++++++++++++++++++++++++++++++++++++++++++++++++++++++++++++++++++


 There are   1 acceptable solutions
