  Mon Oct 16 16:53:40 2017 for program focmec_prep
 focmec_prep input file from file focmec_prep_8sta.inp
  49.0240 141.9370 611.000  Sakhalin: 12 May 1990  ak135 with no crust
 0.5572 1.8225 S/P surface and P/S focus velocity ratios
 Stn    Dist     Az       Ptoa     Stoa     Pemrg    Semrg    TT(P)    TT(S)
 BLA   86.2757   32.619   28.055   31.004   19.918   22.266  696.786 1281.541
 CCM   81.3335   39.737   30.626   33.237   21.655   23.778  672.515 1233.548
 COR   60.8172   54.650   40.754   42.478   28.221   29.786  552.901 1003.910
 HRV   84.2103   24.219   29.246   31.950   20.726   22.910  686.886 1261.851
 KEV   52.4736  336.546   45.203   46.372   30.931   32.172  495.964  897.316
 KIP   54.5793   97.840   44.053   45.372   30.243   31.569  510.783  924.911
 PAS   70.9230   59.825   35.680   37.908   24.992   26.869  615.494 1122.961
 TOL   86.5080  334.453   27.998   30.897   19.880   22.194  697.879 1283.722
 Input focmec data filespec sakhalin_8sta.dat
 focmec input filespec focmec_8sta.inp
 12-MAY-90 Sakhalin Island event:  161221 disp picks
 Input: BLA  D
 BLA    32.62   28.06D
 Input: BLA  R
 BLA    32.62   31.00R
 Input: BLA  F
 BLA    32.62   31.00F
 Input: CCM  D
 CCM    39.74   30.63D
 Input: CCM  R
 CCM    39.74   33.24R
 Input: COR  D
 COR    54.65   40.75D
 Input: COR  R
 COR    54.65   42.48R
 Input: COR  B
 COR    54.65   42.48B
 Input: HRV  D
 HRV    24.22   29.25D
 Input: HRV  R
 HRV    24.22   31.95R
 Input: HRV  F
 HRV    24.22   31.95F
 Input: KEV  D
 KEV   336.55   45.20D
 Input: KEV  L
 KEV   336.55   46.37L
 Input: KEV  B
 KEV   336.55   46.37B
 Input: KIP  C
 KIP    97.84   44.05C
 Input: KIP  R
 KIP    97.84   45.37R
 Input: KIP  B
 KIP    97.84   45.37B
 Input: PAS  D
 PAS    59.83   35.68D
 Input: PAS  R
 PAS    59.83   37.91R
 Input: PAS  B
 PAS    59.83   37.91B
 Input: TOL  D
 TOL   334.45   28.00D
 Input: TOL  L
 TOL   334.45   30.90L
 Input: TOL  F
 TOL   334.45   30.90F
 Input: bla  H R -119100.0,-18450.0,500,1000,0.03,0.03
 Q correction:   1.27323997    
 Observed ratio:   6.45528460      Free-surface:  0.932881474      Q correction:   1.27323997    
 BLA    44.80   31.00H  0.8847 R  28.06 1.8225 -119100.0,-18450.0,500,1000,0.03,0.03
 Input: cor  H R -227400.0,-15830.0,500,1000,0.03,0.03
 Q correction:   1.20832193    
 Observed ratio:   14.3651295      Free-surface:  0.869067907      Q correction:   1.20832193    
 COR    54.65   42.48H  1.1785 R  40.75 1.8225 -227400.0,-15830.0,500,1000,0.03,0.03
 Input: hrv  H R -85120.0,-25080.0,500,1000,0.03,0.03
 Q correction:   1.26852310    
 Observed ratio:   3.39393950      Free-surface:  0.927494645      Q correction:   1.26852310    
 HRV    24.22   31.95H  0.6013 R  29.25 1.8225 -85120.0,-25080.0,500,1000,0.03,0.03
 Input: kev  H L 95680.0,-44900.0,500,1000,0.03,0.03
 Q correction:   1.18428600    
 Observed ratio:  -2.13095760      Free-surface:  0.844539642      Q correction:   1.18428600    
 KEV   336.55   46.37H  0.3287 L  45.20 1.8225 95680.0,-44900.0,500,1000,0.03,0.03
 Input: kip  H R -138800.0,20840.0,500,1000,0.03,0.03
 Q correction:   1.19046223    
 Observed ratio:  -6.66026878      Free-surface:  0.850920856      Q correction:   1.19046223    
 KIP    97.84   45.37H  0.8291 R  44.05 1.8225 -138800.0,20840.0,500,1000,0.03,0.03
 Input: kip  V B -131700.0,20840.0,500,1000,0.03,0.03
 Q correction:   1.19046223    
 Observed ratio:  -6.31957769      Free-surface:  0.845130801      Q correction:   1.19046223    
 KIP    97.84   45.37V  0.8033 B  44.05 1.8225 -131700.0,20840.0,500,1000,0.03,0.03
 Input: pas  H R -140400.0,-12980.0,500,1000,0.03,0.03
 Q correction:   1.23574400    
 Observed ratio:   10.8166409      Free-surface:  0.896034360      Q correction:   1.23574400    
 PAS    59.83   37.91H  1.0783 R  35.68 1.8225 -140400.0,-12980.0,500,1000,0.03,0.03
 Input: tol  H L 47310.0,-31070.0,500,1000,0.03,0.03
 Q correction:   1.27376354    
 Observed ratio:  -1.52269065      Free-surface:  0.933130026      Q correction:   1.27376354    
 TOL   334.45   30.90H  0.2576 L  28.00 1.8225 47310.0,-31070.0,500,1000,0.03,0.03
 Input: tol  S F 1013.0,2103.0
 Observed ratio:  0.481692821      Free-surface:   1.09895587      Q correction:   1.00000000    
 TOL   334.45   30.90S -0.2762 F  30.90 1.8225 1013.0,2103.0
 Input: hrv  S F 2619.0,-7748.0
 Observed ratio: -0.338022709      Free-surface:   1.10334730      Q correction:   1.00000000    
 HRV    24.22   31.95S -0.4283 F  31.95 1.8225 2619.0,-7748.0
 Input: kev  S B -3618.0,4124.0
 Observed ratio: -0.877303600      Free-surface:  0.941544294      Q correction:   1.00000000    
 KEV   336.55   46.37S -0.0830 B  46.37 1.8225 -3618.0,4124.0
