  Tue Oct  3 06:50:27 2017 for program Focplt
 Input from file focmec_all.inp
     1
 Statn  Azimuth  TOAngl  Key  Log10 Ratio     Pol  TOAng2  Comment
YSS   164.20  154.95D
PET    63.01   91.60C
MAT   193.49   86.18D
TSRJ  200.01   81.69D
YONJ  207.27   79.12D
WKYJ  199.82   78.29C
SHK   208.59   77.31C
TKSJ  204.05   77.09C
SHNJ  212.21   75.64C
TIK   349.67   65.79D
IRK   292.13   65.26D
ILT    31.71   62.50D
LZH   259.28   60.31D
GUMO  174.99   57.31C
BAG   215.52   56.59C
DAV   203.64   52.55C
LOE   240.11   51.72D
CHG   244.25   51.31D
FRU   288.85   51.27D
NST   240.39   50.09D
DSH   287.53   47.30D
APA   332.50   47.18D
NDI   272.24   46.87D
DAG   354.58   46.17C
LAT   173.84   45.07C
PGC    51.11   43.52C
QUE   280.82   43.39D
PMG   173.89   43.37C
MCW    50.78   43.34D
OBN   319.65   43.10D
GMW    51.77   42.94D
HYB   261.54   42.65D
PNT    48.61   42.63D
BMW    52.94   42.62C
RMW    51.34   42.56C
EDM    42.20   42.43D
LON    51.97   42.27D
SHW    52.67   42.17C
DPW    49.13   41.60D
GDH     6.19   41.48C
NEW    48.25   41.44C
VGB    52.48   41.44D
POO   266.14   41.30D
BOM   267.22   41.04D
MTN   191.85   41.02C
SES    43.39   40.64D
FFC    35.56   40.25D
AKU   350.97   39.63D
BKR   304.99   39.57D
HRY    46.69   39.25D
ORV    57.76   39.23D
KNA   193.89   39.07C
LRM    47.71   39.06D
LCCM   47.38   38.89D
BGMT   47.93   38.70D
REY   352.32   38.57D
CMB    58.27   38.30D
SIM   312.81   38.17D
COP   331.73   38.08C
IMW    48.30   37.94D
PTI    49.88   37.92D
CTA   175.59   37.33C
WB5   187.58   37.32C
BCH    60.25   37.22D
CLI   317.82   37.20C
BW06   48.31   37.18D
QIS   182.28   37.11C
KRA   324.25   37.04D
DUG    52.10   37.03D
UZH   322.02   36.94D
CFR   316.38   36.88D
BRN   329.40   36.83D
VRI   317.67   36.83D
SPC   323.53   36.78D
DAU    51.00   36.74D
KSP   326.76   36.70D
TLB   316.05   36.58C
MLR   317.87   36.45D
RSSD   44.13   36.36D
CLL   328.86   36.31D
PSN   315.35   36.30D
BRG   328.08   36.29D
MSU    52.91   36.27C
CMP   318.25   36.22C
WIT   333.22   35.99D
PEC    59.33   35.96D
SRO   323.78   35.88D
DRA   318.33   35.85D
MOX   329.27   35.84D
GZR   319.66   35.81D
ZST   324.71   35.80D
VKA   325.20   35.67D
WTS   332.72   35.64D
BZS   320.49   35.64C
TIM   320.80   35.60D
KHC   327.29   35.53D
MBL   201.54   35.51C
PVL   316.74   35.50D
JMB   315.50   35.49D
DBN   333.70   35.46D
KMR   326.36   35.23D
NDE   142.51   35.21C
DIM   315.87   35.14D
GOL    47.88   35.09D
GLD    47.76   35.07D
ENN   332.61   35.05D
PGB   317.02   35.05D
SCH    16.81   35.01D
MEM   332.48   35.00D
PLD   316.41   35.00D
KRO   142.76   34.92C
BHG   326.91   34.91D
VTS   317.64   34.88D
UCC   333.54   34.86D
RZN   316.14   34.86D
FUR   328.11   34.83D
VUN   143.89   34.81C
PTJ   324.04   34.74D
DOU   333.06   34.62D
KKB   317.26   34.61D
SQTA  327.64   34.47D
QLP   177.82   34.36C
SKO   318.35   34.33D
VAY   317.25   34.32D
RMO    28.01   30.96C
SLE   329.57   34.28D
ADI   303.81   34.27D
SAX   328.79   34.20D
ZLA   329.49   34.15D
OSS   328.01   34.10D
MML   303.25   34.09D
LLS   328.80   33.99D
VDL   328.32   33.90D
OHR   318.24   33.86D
BRS   170.06   33.66D
TMA   328.49   33.61D
MMK   329.03   33.38D
DIX   329.39   33.25D
EMS   329.68   33.13D
PRNI  302.14   32.99D
MEKA  201.26   32.70C
MBH   301.85   32.67D
HLW   304.32   31.71D
MEO    46.52   31.43D
CMS   176.58   31.65C
FORR  191.99   31.55C
CBM    20.31   31.36C
MRWA  202.71   31.23C
COOL  197.92   31.05C
ETER  330.59   30.85D
BAL   201.72   30.76C
RIV   172.23   30.56D
ECRI  334.37   30.15D
ADE   182.62   30.06C
MUN   201.74   29.98C
EMON  337.98   29.88D
KCHT  323.28   29.79D
CNB   173.86   29.78D
SBS   322.89   29.75D
ESEL  329.45   29.68D
NWAO  200.63   29.65C
ZGN   322.81   29.57D
STS   338.64   29.55D
ERUA  337.49   29.51D
ETOR  333.35   29.49D
RSCP   37.03   29.23D
GUD   334.77   29.22D
ECHE  332.10   29.21D
TOO   177.13   29.09C
ACU   331.27   28.99D
EPLA  335.94   28.94D
EVIA  332.83   28.89D
ARO   284.29   28.88D
EALH  331.74   28.84D
EBAN  333.58   28.78D
JSC    34.50   28.78C
ENIJ  331.98   28.78D
EHOR  334.53   28.76D
AFC   333.07   28.75D
LIS   337.73   28.73D
EVAL  335.57   28.65D
EPRU  334.22   28.62D
EJIF  334.21   28.50D
CFTV  338.64   27.06D
BUL   273.59   11.06C
SBA   173.55   10.97C
ARE    51.62   10.55C
SPA   180.00   10.46C
LPB    47.48   10.42C
BLA    32.62   28.06D
CCM    39.74   30.63D
COR    54.65   40.75D
HRV    24.22   29.25D
KEV   336.55   45.20D
KIP    97.84   44.05C
PAS    59.83   35.68D
TOL   334.45   28.00D
 Plotting P nodal planes
 
 
     Dip,Strike,Rake     76.17    55.86   -64.11
     Dip,Strike,Rake     29.13   172.08  -150.59   Auxiliary Plane
     Lower Hem. Trend, Plunge of A,N     82.08    60.87   325.86    13.83
     Lower Hem. Trend & Plunge of B    229.24    25.09
     Lower Hem. Trend, Plunge of P,T    355.87    51.88   125.65    26.66
     MRR =-0.42  MTT =-0.11  MPP = 0.53  MRT =-0.72  MRP =-0.36  MTP = 0.35
 Plotting P nodal planes
 
 
     Dip,Strike,Rake     76.43    59.08   -64.23
     Dip,Strike,Rake     28.91   175.00  -150.96   Auxiliary Plane
     Lower Hem. Trend, Plunge of A,N     85.00    61.09   329.08    13.57
     Lower Hem. Trend & Plunge of B    232.62    25.00
     Lower Hem. Trend, Plunge of P,T    358.83    51.71   128.91    26.94
     MRR =-0.41  MTT =-0.07  MPP = 0.48  MRT =-0.74  MRP =-0.32  MTP = 0.38
 Plotting P nodal planes
 
 
     Dip,Strike,Rake     78.81   217.07   148.41
     Dip,Strike,Rake     59.08   313.88    13.07   Auxiliary Plane
     Lower Hem. Trend, Plunge of A,N    223.88    30.92   127.07    11.19
     Lower Hem. Trend & Plunge of B     19.56    56.68
     Lower Hem. Trend, Plunge of P,T    268.87    13.07   171.16    30.04
     MRR = 0.20  MTT = 0.73  MPP =-0.93  MRT =-0.42  MRP =-0.29  MTP = 0.13
