 Model Name: ../../lib/nocrust

Source Depth: 611.00

  delta   #   code       time   Take-off ang   dT/dD    dT/dh     d2T/dD2
  86.276  1  SKSac     1265.057     19.309     6.037  -1.71E-01  -2.96E-03
          2  S         1281.541     31.004     9.405  -1.56E-01  -2.44E-03

  delta   #   code       time   Take-off ang   dT/dD    dT/dh     d2T/dD2
  81.334  1  S         1233.548     33.237    10.007  -1.52E-01  -2.64E-03
          2  SKSac     1233.872     21.170     6.594  -1.69E-01  -2.54E-03

  delta   #   code       time   Take-off ang   dT/dD    dT/dh     d2T/dD2
  60.817  1  S         1003.910     42.478    12.330  -1.34E-01  -2.84E-03


  delta   #   code       time   Take-off ang   dT/dD    dT/dh     d2T/dD2
  84.210  1  SKSac     1252.360     20.059     6.262  -1.71E-01  -2.69E-03
          2  S         1261.852     31.950     9.662  -1.54E-01  -2.42E-03

  delta   #   code       time   Take-off ang   dT/dD    dT/dh     d2T/dD2
  52.474  1  S          897.317     46.372    13.216  -1.25E-01  -2.88E-03


  delta   #   code       time   Take-off ang   dT/dD    dT/dh     d2T/dD2
  54.579  1  S          924.911     45.372    12.994  -1.28E-01  -2.93E-03


  delta   #   code       time   Take-off ang   dT/dD    dT/dh     d2T/dD2
  70.923  1  S         1122.960     37.908    11.218  -1.43E-01  -2.68E-03
          2  SKSac     1159.344     24.333     7.523  -1.65E-01  -2.21E-02

  delta   #   code       time   Take-off ang   dT/dD    dT/dh     d2T/dD2
  86.508  1  SKSac     1266.457     19.229     6.013  -1.71E-01  -2.99E-03
          2  S         1283.723     30.897     9.376  -1.56E-01  -2.41E-03

