  Sat Dec  9 17:24:43 2023 for program Focmec
 tes
 Input from a file tes.out
   Thu Sep 15 10:16:27 2022 for program Focmec

 Statn  Azimuth    TOA   Key  Log10 Ratio  NumPol  DenTOA  Comment
   tes     0.0      0.0                                    
 There are no polarity data
 There are no amplitude ratio data
 The minimum, increment and maximum B axis trend:     0.00    5.00  355.00
 The limits for the B axis plunge:     0.00    5.00   90.00
 The limits for Angle:     0.00    5.00  175.00
 ++++++++++++++++++++++++++++++++++++++++++++++++++++++++++++++++++++++++++++

     Dip,Strike,Rake      0.00   270.00     0.00
     Dip,Strike,Rake     90.00   180.00    90.00   Auxiliary Plane
     Lower Hem. Trend, Plunge of A,N    270.00     0.00   180.00    90.00
     Lower Hem. Trend, Plunge of P,T    270.00    45.00    90.00    45.00
     B trend, B plunge, Angle:    0.00   0.00   0.00
++++++++++++++++++++++++++++++++++++++++++++++++++++++++++++++++++++++++++++++++

 Reached chosen maximum of    1 solutions

 There are   1 acceptable solutions
