  Sun Oct 15 21:18:59 2017 for program Focmec
 2009 input file using 2017 program
 Input from a file focmec_8sta_080721.inp
  12-MAY-90 Sakhalin Island Event:  BLA, DMC, using 0.1 Hz velocity   KIP ok

 Statn  Azimuth    TOA   Key  Log10 Ratio  NumPol  DenTOA  Comment
  BLA     32.6     28.0   D                                
  BLA     32.6     30.7   R                                
  BLA     32.6     30.7   F                                
  BLA     32.6     30.7   H      0.7262 SH    R      28.01  84,15.2
  BLA     32.6     30.7   S     -0.6994 SS    F      30.70  1.04,5.56
  CCM     39.7     30.5   D                                
  CCM     39.7     33.0   R                                
  CCM     39.7     33.0   B                                
  CCM     39.7     33.0   H      0.4788 SH    R      30.53  53.5,17
  CCM     39.7     33.0   V     -0.1166 SV    B      30.53  12.6,17
  COR     54.7     40.8   D                                
  COR     54.7     42.4   R                                
  COR     54.7     42.4   B                                
  COR     54.7     42.4   H      1.1068 SH    R      40.78  208,15.1
  COR     54.7     42.4   V      0.6071 SV    B      40.78  58.8,15.1
  HRV     24.2     29.2   D                                
  HRV     24.2     31.7   R                                
  HRV     24.2     31.7   B                                
  HRV     24.2     31.7   H      0.4384 SH    R      29.16  60,21
  HRV     24.2     31.7   S     -0.4524 SS    B      31.69  2.6,7.9
  KEV    336.5     45.2   D                                
  KEV    336.5     46.3   L                                
  KEV    336.5     46.3   B                                
  KEV    336.5     46.3   H     -0.0114 SH    L      45.23  41.5,39
  KEV    336.5     46.3   V     -0.0427 SV    B      45.23  34,39
  KIP     97.8     44.1   C                                
  KIP     97.8     45.3   R                                
  KIP     97.8     45.3   B                                
  KIP     97.8     45.3   H      0.6294 SH    R      44.08  102,22
  KIP     97.8     45.3   V      0.5496 SV    B      44.08  75,22
  PAS     59.8     35.7   D                                
  PAS     59.8     37.8   R                                
  PAS     59.8     37.8   B                                
  PAS     59.8     37.8   H      0.8053 SH    R      35.69  74.5,11
  PAS     59.8     37.8   V      0.3358 SV    B      35.69  23,11
  TOL    334.5     28.0   D                                
  TOL    334.5     30.6   L                                
  TOL    334.5     30.6   B                                
  TOL    334.5     30.6   H     -0.0374 SH    L      27.95  20,21
  TOL    334.5     30.6   V      0.2085 SV    B      27.95  33,21
 Polarities/Errors:  P 008/ 0.0  SV 008/ 0.5  SH 008/ 0.0
 16 ratios, maximum of  0 with |o-c| diff >  0.5000    Focus VP/VS: 1.8300
For ratios,  0.050 = P radiation cutoff  0.150 = S radiation cutoff
 FLAG is NUM, DEN, N&D if n, d, both below curoff
 If FLAG N&D, total ratios used decreased by 1
 The minimum, increment and maximum B axis trend:     0.00    5.00  355.00
 The limits for the B axis plunge:     0.00    5.00   90.00
 The limits for Angle:     0.00    5.00  175.00
 ++++++++++++++++++++++++++++++++++++++++++++++++++++++++++++++++++++++++++++

     Dip,Strike,Rake     80.04    60.88   -84.92
     Dip,Strike,Rake     11.17   213.70  -116.74   Auxiliary Plane
     Lower Hem. Trend, Plunge of A,N    123.70    78.83   330.88     9.96
     Lower Hem. Trend, Plunge of P,T    337.10    54.69   146.51    34.85
     B trend, B plunge, Angle:  240.00   5.00 100.00

 SV Polarity error at  HRV  TOL 
 SV Polarity weights:  0.09 0.16
  Total SV polarity weight is  0.246  Total number:   2

          Log10(Ratio)                              Ratio     S Polarity
     Observed  Calculated    Difference  Station     Type     Obs.  Calc. Flag
      0.7262      0.7901      -0.0639      BLA        SH       R      R       
     -0.6994     -0.6403      -0.0591      BLA        SS       F      F    NUM
      0.4788      0.8810      -0.4022      CCM        SH       R      R       
     -0.1166      0.2117      -0.3283      CCM        SV       B      B    NUM
      1.1068      1.1552      -0.0484      COR        SH       R      R       
      0.6071      0.4772       0.1299      COR        SV       B      B       
      0.4384      0.6620      -0.2236      HRV        SH       R      R       
     -0.4524     -0.5715       0.1191      HRV        SS       B      F    NUM
     -0.0114     -0.0042      -0.0072      KEV        SH       L      L    NUM
     -0.0427      0.3882      -0.4309      KEV        SV       B      B       
      0.6294      0.9235      -0.2941      KIP        SH       R      R       
      0.5496      0.5276       0.0220      KIP        SV       B      B       
      0.8053      1.2962      -0.4909      PAS        SH       R      R       
      0.3358      0.5887      -0.2529      PAS        SV       B      B       
     -0.0374     -0.0306      -0.0068      TOL        SH       L      L    NUM
      0.2085     -0.0055       0.2140      TOL        SV       B      F       

Total number of ratios used is  16
RMS error for the 16 acceptable solutions is 0.2480
  Highest absolute velue of diff for those solutions is  0.4909
++++++++++++++++++++++++++++++++++++++++++++++++++++++++++++++++++++++++++++++++

     Dip,Strike,Rake     80.04    65.88   -84.92
     Dip,Strike,Rake     11.17   218.70  -116.74   Auxiliary Plane
     Lower Hem. Trend, Plunge of A,N    128.70    78.83   335.88     9.96
     Lower Hem. Trend, Plunge of P,T    342.10    54.69   151.51    34.85
     B trend, B plunge, Angle:  245.00   5.00 100.00

 SV Polarity error at  CCM  HRV  TOL 
 SV Polarity weights:  0.02 0.10 0.15
  Total SV polarity weight is  0.275  Total number:   3

          Log10(Ratio)                              Ratio     S Polarity
     Observed  Calculated    Difference  Station     Type     Obs.  Calc. Flag
      0.7262      0.7190       0.0072      BLA        SH       R      R       
     -0.6994     -0.6052      -0.0942      BLA        SS       F      F    NUM
      0.4788      0.8048      -0.3260      CCM        SH       R      R       
     -0.1166      0.1647      -0.2813      CCM        SV       B      F    NUM
      1.1068      1.0320       0.0748      COR        SH       R      R       
      0.6071      0.3712       0.2359      COR        SV       B      B    NUM
      0.4384      0.5889      -0.1505      HRV        SH       R      R       
     -0.4524     -0.5259       0.0735      HRV        SS       B      F    NUM
     -0.0114     -0.0011      -0.0103      KEV        SH       L      L    NUM
     -0.0427      0.4020      -0.4447      KEV        SV       B      B       
      0.6294      1.0284      -0.3990      KIP        SH       R      R       
      0.5496      0.5842      -0.0346      KIP        SV       B      B       
      0.8053      1.1555      -0.3502      PAS        SH       R      R       
      0.3358      0.4479      -0.1121      PAS        SV       B      B    NUM
     -0.0374     -0.0289      -0.0085      TOL        SH       L      L    NUM
      0.2085     -0.0234       0.2319      TOL        SV       B      F       

Total number of ratios used is  16
RMS error for the 16 acceptable solutions is 0.2279
  Highest absolute velue of diff for those solutions is  0.4447
++++++++++++++++++++++++++++++++++++++++++++++++++++++++++++++++++++++++++++++++

     Dip,Strike,Rake     80.15    65.13   -79.85
     Dip,Strike,Rake     14.11   198.82  -135.44   Auxiliary Plane
     Lower Hem. Trend, Plunge of A,N    108.82    75.89   335.13     9.85
     Lower Hem. Trend, Plunge of P,T    347.31    53.78   146.45    34.39
     B trend, B plunge, Angle:  243.38  10.00 100.00

 SV Polarity error at  CCM  HRV  TOL 
 SV Polarity weights:  0.05 0.15 0.15
  Total SV polarity weight is  0.355  Total number:   3

          Log10(Ratio)                              Ratio     S Polarity
     Observed  Calculated    Difference  Station     Type     Obs.  Calc. Flag
      0.7262      0.7209       0.0053      BLA        SH       R      R       
     -0.6994     -0.6154      -0.0840      BLA        SS       F      F    NUM
      0.4788      0.8121      -0.3333      CCM        SH       R      R       
     -0.1166      0.1551      -0.2717      CCM        SV       B      F    NUM
      1.1068      1.0518       0.0550      COR        SH       R      R       
      0.6071      0.3596       0.2475      COR        SV       B      B    NUM
      0.4384      0.5822      -0.1438      HRV        SH       R      R       
     -0.4524     -0.5279       0.0755      HRV        SS       B      F    NUM
     -0.0114      0.0015      -0.0129      KEV        SH       L      L    NUM
     -0.0427      0.3913      -0.4340      KEV        SV       B      B       
      0.6294      1.0008      -0.3714      KIP        SH       R      R       
      0.5496      0.6047      -0.0551      KIP        SV       B      B       
      0.8053      1.1787      -0.3734      PAS        SH       R      R       
      0.3358      0.4448      -0.1090      PAS        SV       B      B    NUM
     -0.0374     -0.0235      -0.0139      TOL        SH       L      L    NUM
      0.2085     -0.0117       0.2202      TOL        SV       B      F       

Total number of ratios used is  16
RMS error for the 16 acceptable solutions is 0.2253
  Highest absolute velue of diff for those solutions is  0.4340
++++++++++++++++++++++++++++++++++++++++++++++++++++++++++++++++++++++++++++++++

     Dip,Strike,Rake     80.15    70.20   -79.85
     Dip,Strike,Rake     14.11   203.89  -135.44   Auxiliary Plane
     Lower Hem. Trend, Plunge of A,N    113.89    75.89   340.20     9.85
     Lower Hem. Trend, Plunge of P,T    352.38    53.78   151.52    34.39
     B trend, B plunge, Angle:  248.45  10.00 100.00

 SV Polarity error at  CCM  HRV  TOL 
 SV Polarity weights:  0.08 0.16 0.14
  Total SV polarity weight is  0.379  Total number:   3

          Log10(Ratio)                              Ratio     S Polarity
     Observed  Calculated    Difference  Station     Type     Obs.  Calc. Flag
      0.7262      0.6440       0.0822      BLA        SH       R      R       
     -0.6994     -0.5526      -0.1468      BLA        SS       F      F       
      0.4788      0.7335      -0.2547      CCM        SH       R      R       
     -0.1166      0.1146      -0.2312      CCM        SV       B      F    NUM
      1.1068      0.9422       0.1646      COR        SH       R      R       
      0.6071      0.2756       0.3315      COR        SV       B      B    NUM
      0.4384      0.4980      -0.0596      HRV        SH       R      R       
     -0.4524     -0.4369      -0.0155      HRV        SS       B      F       
     -0.0114      0.0674      -0.0788      KEV        SH       L      L       
     -0.0427      0.4176      -0.4603      KEV        SV       B      B       
      0.6294      1.1249      -0.4955      KIP        SH       R      R       
      0.5496      0.6770      -0.1274      KIP        SV       B      B       
      0.8053      1.0596      -0.2543      PAS        SH       R      R       
      0.3358      0.3438      -0.0080      PAS        SV       B      B    NUM
     -0.0374      0.0508      -0.0882      TOL        SH       L      L       
      0.2085     -0.0175       0.2260      TOL        SV       B      F    NUM

Total number of ratios used is  16
RMS error for the 16 acceptable solutions is 0.2360
  Highest absolute velue of diff for those solutions is  0.4955
++++++++++++++++++++++++++++++++++++++++++++++++++++++++++++++++++++++++++++++++

     Dip,Strike,Rake     80.34    64.33   -74.78
     Dip,Strike,Rake     17.96   185.98  -147.05   Auxiliary Plane
     Lower Hem. Trend, Plunge of A,N     95.98    72.04   334.33     9.66
     Lower Hem. Trend, Plunge of P,T    352.00    52.30   141.44    33.64
     B trend, B plunge, Angle:  241.71  15.00 100.00

 SV Polarity error at  CCM  HRV  TOL 
 SV Polarity weights:  0.09 0.19 0.16
  Total SV polarity weight is  0.438  Total number:   3

          Log10(Ratio)                              Ratio     S Polarity
     Observed  Calculated    Difference  Station     Type     Obs.  Calc. Flag
      0.7262      0.7273      -0.0011      BLA        SH       R      R       
     -0.6994     -0.5710      -0.1284      BLA        SS       F      F       
      0.4788      0.8234      -0.3446      CCM        SH       R      R       
     -0.1166      0.1512      -0.2678      CCM        SV       B      F    NUM
      1.1068      1.0760       0.0308      COR        SH       R      R       
      0.6071      0.3563       0.2508      COR        SV       B      B    NUM
      0.4384      0.5806      -0.1422      HRV        SH       R      R       
     -0.4524     -0.4277      -0.0247      HRV        SS       B      F       
     -0.0114      0.1336      -0.1450      KEV        SH       L      L       
     -0.0427      0.3723      -0.4150      KEV        SV       B      B       
      0.6294      0.9704      -0.3410      KIP        SH       R      R       
      0.5496      0.6176      -0.0680      KIP        SV       B      B       
      0.8053      1.2074      -0.4021      PAS        SH       R      R       
      0.3358      0.4510      -0.1152      PAS        SV       B      B    NUM
     -0.0374      0.0347      -0.0721      TOL        SH       L      L       
      0.2085      0.0126       0.1959      TOL        SV       B      F       

Total number of ratios used is  16
RMS error for the 16 acceptable solutions is 0.2270
  Highest absolute velue of diff for those solutions is  0.4150
++++++++++++++++++++++++++++++++++++++++++++++++++++++++++++++++++++++++++++++++

     Dip,Strike,Rake     80.34    69.47   -74.78
     Dip,Strike,Rake     17.96   191.12  -147.05   Auxiliary Plane
     Lower Hem. Trend, Plunge of A,N    101.12    72.04   339.47     9.66
     Lower Hem. Trend, Plunge of P,T    357.14    52.30   146.59    33.64
     B trend, B plunge, Angle:  246.86  15.00 100.00

 SV Polarity error at  CCM  HRV  TOL 
 SV Polarity weights:  0.12 0.20 0.14
  Total SV polarity weight is  0.461  Total number:   3

          Log10(Ratio)                              Ratio     S Polarity
     Observed  Calculated    Difference  Station     Type     Obs.  Calc. Flag
      0.7262      0.6449       0.0813      BLA        SH       R      R       
     -0.6994     -0.4561      -0.2433      BLA        SS       F      F       
      0.4788      0.7402      -0.2614      CCM        SH       R      R       
     -0.1166      0.1092      -0.2258      CCM        SV       B      F    NUM
      1.1068      0.9603       0.1465      COR        SH       R      R       
      0.6071      0.2670       0.3401      COR        SV       B      B    NUM
      0.4384      0.4883      -0.0499      HRV        SH       R      R       
     -0.4524     -0.3261      -0.1263      HRV        SS       B      F       
     -0.0114      0.2178      -0.2292      KEV        SH       L      L       
     -0.0427      0.4137      -0.4564      KEV        SV       B      B       
      0.6294      1.0948      -0.4654      KIP        SH       R      R       
      0.5496      0.6831      -0.1335      KIP        SV       B      B       
      0.8053      1.0808      -0.2755      PAS        SH       R      R       
      0.3358      0.3425      -0.0067      PAS        SV       B      B    NUM
     -0.0374      0.1631      -0.2005      TOL        SH       L      L       
      0.2085     -0.0070       0.2155      TOL        SV       B      F    NUM

Total number of ratios used is  16
RMS error for the 16 acceptable solutions is 0.2498
  Highest absolute velue of diff for those solutions is  0.4654
++++++++++++++++++++++++++++++++++++++++++++++++++++++++++++++++++++++++++++++++

     Dip,Strike,Rake     76.43    59.08   -64.23
     Dip,Strike,Rake     28.90   174.99  -150.97   Auxiliary Plane
     Lower Hem. Trend, Plunge of A,N     84.99    61.10   329.08    13.57
     Lower Hem. Trend, Plunge of P,T    358.82    51.71   128.90    26.95
     B trend, B plunge, Angle:  232.62  25.00 105.00

 SV Polarity error at  CCM  HRV  TOL 
 SV Polarity weights:  0.06 0.18 0.07
  Total SV polarity weight is  0.301  Total number:   3

          Log10(Ratio)                              Ratio     S Polarity
     Observed  Calculated    Difference  Station     Type     Obs.  Calc. Flag
      0.7262      0.6998       0.0264      BLA        SH       R      R       
     -0.6994     -0.6194      -0.0800      BLA        SS       F      F    NUM
      0.4788      0.8068      -0.3280      CCM        SH       R      R       
     -0.1166      0.1282      -0.2448      CCM        SV       B      F    NUM
      1.1068      1.0956       0.0112      COR        SH       R      R       
      0.6071      0.3686       0.2385      COR        SV       B      B       
      0.4384      0.5423      -0.1039      HRV        SH       R      R       
     -0.4524     -0.4400      -0.0124      HRV        SS       B      F       
     -0.0114      0.3782      -0.3896      KEV        SH       L      L       
     -0.0427      0.4472      -0.4899      KEV        SV       B      B       
      0.6294      0.9213      -0.2919      KIP        SH       R      R       
      0.5496      0.7697      -0.2201      KIP        SV       B      B       
      0.8053      1.2074      -0.4021      PAS        SH       R      R       
      0.3358      0.5138      -0.1780      PAS        SV       B      B       
     -0.0374      0.2245      -0.2619      TOL        SH       L      L       
      0.2085     -0.0035       0.2120      TOL        SV       B      F    NUM

Total number of ratios used is  16
RMS error for the 16 acceptable solutions is 0.2592
  Highest absolute velue of diff for those solutions is  0.4899
++++++++++++++++++++++++++++++++++++++++++++++++++++++++++++++++++++++++++++++++

     Dip,Strike,Rake     72.77    50.96   -58.43
     Dip,Strike,Rake     35.53   166.70  -149.36   Auxiliary Plane
     Lower Hem. Trend, Plunge of A,N     76.70    54.47   320.96    17.23
     Lower Hem. Trend, Plunge of P,T    357.64    51.71   117.52    21.47
     B trend, B plunge, Angle:  220.65  30.00 110.00

 SV Polarity error at  HRV  TOL 
 SV Polarity weights:  0.12 0.04
  Total SV polarity weight is  0.159  Total number:   2

          Log10(Ratio)                              Ratio     S Polarity
     Observed  Calculated    Difference  Station     Type     Obs.  Calc. Flag
      0.7262      0.7364      -0.0102      BLA        SH       R      R       
     -0.6994     -0.6452      -0.0542      BLA        SS       F      F    NUM
      0.4788      0.8492      -0.3704      CCM        SH       R      R       
     -0.1166      0.1478      -0.2644      CCM        SV       B      B    NUM
      1.1068      1.1980      -0.0912      COR        SH       R      R       
      0.6071      0.6733      -0.0662      COR        SV       B      B       
      0.4384      0.5869      -0.1485      HRV        SH       R      R       
     -0.4524     -0.5474       0.0950      HRV        SS       B      F    NUM
     -0.0114      0.4287      -0.4401      KEV        SH       L      L       
     -0.0427      0.4225      -0.4652      KEV        SV       B      B       
      0.6294      0.7996      -0.1702      KIP        SH       R      R       
      0.5496      0.8363      -0.2867      KIP        SV       B      B       
      0.8053      1.2918      -0.4865      PAS        SH       R      R       
      0.3358      0.8150      -0.4792      PAS        SV       B      B       
     -0.0374      0.2529      -0.2903      TOL        SH       L      L       
      0.2085     -0.0042       0.2127      TOL        SV       B      F    NUM

Total number of ratios used is  16
RMS error for the 16 acceptable solutions is 0.2927
  Highest absolute velue of diff for those solutions is  0.4865
++++++++++++++++++++++++++++++++++++++++++++++++++++++++++++++++++++++++++++++++

     Dip,Strike,Rake     77.05    59.89   -59.13
     Dip,Strike,Rake     33.23   170.44  -155.85   Auxiliary Plane
     Lower Hem. Trend, Plunge of A,N     80.44    56.77   329.89    12.95
     Lower Hem. Trend, Plunge of P,T      3.15    48.59   126.16    25.66
     B trend, B plunge, Angle:  232.26  30.00 105.00

 SV Polarity error at  CCM  HRV  TOL 
 SV Polarity weights:  0.11 0.23 0.08
  Total SV polarity weight is  0.421  Total number:   3

          Log10(Ratio)                              Ratio     S Polarity
     Observed  Calculated    Difference  Station     Type     Obs.  Calc. Flag
      0.7262      0.6935       0.0327      BLA        SH       R      R       
     -0.6994     -0.4925      -0.2069      BLA        SS       F      F       
      0.4788      0.8047      -0.3259      CCM        SH       R      R       
     -0.1166      0.1257      -0.2423      CCM        SV       B      F    NUM
      1.1068      1.0940       0.0128      COR        SH       R      R       
      0.6071      0.3312       0.2759      COR        SV       B      B    NUM
      0.4384      0.5261      -0.0877      HRV        SH       R      R       
     -0.4524     -0.3066      -0.1458      HRV        SS       B      F       
     -0.0114      0.4725      -0.4839      KEV        SH       L      L       
     -0.0427      0.4136      -0.4563      KEV        SV       B      B       
      0.6294      0.9171      -0.2877      KIP        SH       R      R       
      0.5496      0.7723      -0.2227      KIP        SV       B      B       
      0.8053      1.2094      -0.4041      PAS        SH       R      R       
      0.3358      0.4300      -0.0942      PAS        SV       B      B       
     -0.0374      0.3352      -0.3726      TOL        SH       L      L       
      0.2085      0.0169       0.1916      TOL        SV       B      F    NUM

Total number of ratios used is  16
RMS error for the 16 acceptable solutions is 0.2780
  Highest absolute velue of diff for those solutions is  0.4839
++++++++++++++++++++++++++++++++++++++++++++++++++++++++++++++++++++++++++++++++


 There are   9 acceptable solutions
