  Sun Oct 15 21:18:59 2017 for program Focmec
 2009 input file using 2017 program
 Input from a file focmec_8sta_080721.inp
  12-MAY-90 Sakhalin Island Event:  BLA, DMC, using 0.1 Hz velocity   KIP ok
 Polarities/Errors:  P 008/ 0.0  SV 008/ 0.5  SH 008/ 0.0
 16 ratios, maximum of  0 with |o-c| diff >  0.5000    Focus VP/VS: 1.8300
For ratios,  0.050 = P radiation cutoff  0.150 = S radiation cutoff
 FLAG is NUM, DEN, N&D if n, d, both below curoff
 If FLAG N&D, total ratios used decreased by 1
 R Ac/Tot: # acceptable / total ratios minus M&D
 RMS Err: RMS of acceptable obs ratios
 AbsMaxDiff: max abs difference for ok solutions
 The minimum, increment and maximum B axis trend:     0.00    5.00  355.00
 The limits for the B axis plunge:     0.00    5.00   90.00
 The limits for Angle:     0.00    5.00  175.00
    Dip   Strike   Rake    Pol: P     SV    SH  AccR/TotR  RMS RErr  AbsMaxDiff
   80.04   60.88  -84.92       0.00  0.25  0.00    16/16    0.2480    0.4909
   80.04   65.88  -84.92       0.00  0.28  0.00    16/16    0.2279    0.4447
   80.15   65.13  -79.85       0.00  0.36  0.00    16/16    0.2253    0.4340
   80.15   70.20  -79.85       0.00  0.38  0.00    16/16    0.2360    0.4955
   80.34   64.33  -74.78       0.00  0.44  0.00    16/16    0.2270    0.4150
   80.34   69.47  -74.78       0.00  0.46  0.00    16/16    0.2498    0.4654
   76.43   59.08  -64.23       0.00  0.30  0.00    16/16    0.2592    0.4899
   72.77   50.96  -58.43       0.00  0.16  0.00    16/16    0.2927    0.4865
   77.05   59.89  -59.13       0.00  0.42  0.00    16/16    0.2780    0.4839
