  Mon May 29 20:25:46 2017 for program Focmec
 Event 8703270729 2.0 RW polarity errors
 Input from a file 8703270729.inp
 Chapman et al. 1997 Event 12: 8703270729305.  Emergent coded

 Statn  Azimuth    TOA   Key  Log10 Ratio  NumPol  DenTOA  Comment
  GBTN     9.0    148.0   C                                iP
  ETT    218.0    118.0   D                                 P
  ORT    350.0    114.0   C                                iP
  TKL     76.0    109.0   C                                iP
  TQTN   264.0    110.0   D                                 P
  WSSR   118.0    102.0   C                                iP
  BHT    296.0    101.0   +                                eP
 Including emergent polarity picks
  WMTN   243.0    100.0   D                                 P
  CRTN    26.0     99.0   D                                iP
  RHT    228.0     99.0   D                                ip
  LMTN    64.0     98.0   D                                iP
  BBG    153.0     98.0   C                                 P
  GMG    207.0     97.0   D                                 P
  ONTN   349.0     96.0   C                                iP
  ANTN   307.0     80.0   C                                iP
  RCG    238.0     80.0   D                                iP 4
  CPO    272.0     80.0   D                                ip 4
  CCVA    24.0     80.0   D                                 P
  SMTN    46.0     80.0   -                                eP
  BRTN    54.0     80.0   -                                eP
  PDTN   258.0     80.0   D                                 P
  LKGA   228.0     80.0   D                                 P
  ABTN   282.0     80.0   C                                 P
  TRYN   101.0     80.0   C                                ip 4
  SLTN    62.0     53.0   -                                eP
  GFM     74.0     53.0   -                                eP
  BENN    89.0     53.0   -                                eP
  MSAL   251.0     53.0   -                                eP
  SHTN   268.0     53.0   -                                eP
  SOKY   325.0     53.0   -                                eP
  PKNC    78.0     53.0   -                                eP
  PLVA    65.0     53.0   -                                eP
  PKKY    18.0     53.0   D                                iP 4
  PWLA   261.0     53.0   +                                eP
  MOTN   290.0     53.0   +                                eP
  HWV     52.0     53.0   +                                eP
  VWV     57.0     53.0   +                                eP 4
 Polarities/Errors:  P 037/ 2.0  SV 000/ 0.0  SH 000/ 0.0
 There are no amplitude ratio data
 The minimum, increment and maximum B axis trend:     0.00    5.00  355.00
 The limits for the B axis plunge:     0.00    5.00   90.00
 The limits for Angle:     0.00    5.00  175.00
 ++++++++++++++++++++++++++++++++++++++++++++++++++++++++++++++++++++++++++++

     Dip,Strike,Rake     85.17    78.44   -74.95
     Dip,Strike,Rake     15.79   185.82  -161.98   Auxiliary Plane
     Lower Hem. Trend, Plunge of A,N     95.82    74.21   348.44     4.83
     Lower Hem. Trend, Plunge of P,T      4.29    47.73   154.89    38.38
     B trend, B plunge, Angle:  257.14  15.00  95.00

 P Polarity error at  TQTN CRTN CPO  PDTN BENN MSAL PWLA MOTN HWV  VWV 
 P Polarity weights:  0.07 0.09 0.05 0.00 0.15 0.04 0.06 0.34 0.60 0.51
  Total P polarity weight is  1.917   Total number:  10
 +++++++++++++++++++++++++++++++++++++++++++++++++++++++++++++++++++++++++++++

     Dip,Strike,Rake     80.34    79.76   -74.78
     Dip,Strike,Rake     17.96   201.41  -147.05   Auxiliary Plane
     Lower Hem. Trend, Plunge of A,N    111.41    72.04   349.76     9.66
     Lower Hem. Trend, Plunge of P,T      7.43    52.30   156.87    33.64
     B trend, B plunge, Angle:  257.14  15.00 100.00

 P Polarity error at  TQTN CRTN CPO  LKGA BENN MSAL PWLA MOTN HWV  VWV 
 P Polarity weights:  0.01 0.19 0.06 0.03 0.04 0.01 0.08 0.32 0.65 0.58
  Total P polarity weight is  1.985   Total number:  10
 +++++++++++++++++++++++++++++++++++++++++++++++++++++++++++++++++++++++++++++

     Dip,Strike,Rake     90.00   262.29    75.00
     Dip,Strike,Rake     15.00   172.29  -180.00   Auxiliary Plane
     Lower Hem. Trend, Plunge of A,N     82.29    75.00   352.29     0.00
     Lower Hem. Trend, Plunge of P,T      6.80    43.08   157.77    43.08
     B trend, B plunge, Angle:  262.29  15.00  90.00

 P Polarity error at  TQTN CRTN BBG  CPO  BENN MSAL MOTN HWV  VWV 
 P Polarity weights:  0.03 0.02 0.09 0.03 0.15 0.12 0.30 0.61 0.52
  Total P polarity weight is  1.865   Total number:   9
 +++++++++++++++++++++++++++++++++++++++++++++++++++++++++++++++++++++++++++++

     Dip,Strike,Rake     85.17    83.58   -74.95
     Dip,Strike,Rake     15.79   190.96  -161.98   Auxiliary Plane
     Lower Hem. Trend, Plunge of A,N    100.96    74.21   353.58     4.83
     Lower Hem. Trend, Plunge of P,T      9.43    47.73   160.03    38.38
     B trend, B plunge, Angle:  262.29  15.00  95.00

 P Polarity error at  CRTN CPO  LKGA BENN MSAL PWLA MOTN HWV  VWV 
 P Polarity weights:  0.13 0.03 0.01 0.04 0.10 0.01 0.29 0.67 0.60
  Total P polarity weight is  1.883   Total number:   9
 +++++++++++++++++++++++++++++++++++++++++++++++++++++++++++++++++++++++++++++

     Dip,Strike,Rake     85.17   266.13    74.95
     Dip,Strike,Rake     15.79   158.75   161.98   Auxiliary Plane
     Lower Hem. Trend, Plunge of A,N     68.75    74.21   176.13     4.83
     Lower Hem. Trend, Plunge of P,T      9.68    38.38   160.29    47.73
     B trend, B plunge, Angle:  267.43  15.00  85.00

 P Polarity error at  WSSR BBG  ANTN CPO  BENN MSAL SHTN MOTN HWV  VWV 
 P Polarity weights:  0.03 0.19 0.03 0.01 0.14 0.19 0.02 0.23 0.62 0.53
  Total P polarity weight is  1.993   Total number:  10
 +++++++++++++++++++++++++++++++++++++++++++++++++++++++++++++++++++++++++++++

     Dip,Strike,Rake     90.00   267.43    75.00
     Dip,Strike,Rake     15.00   177.43  -180.00   Auxiliary Plane
     Lower Hem. Trend, Plunge of A,N     87.43    75.00   357.43     0.00
     Lower Hem. Trend, Plunge of P,T     11.94    43.08   162.92    43.08
     B trend, B plunge, Angle:  267.43  15.00  90.00

 P Polarity error at  CRTN BBG  CPO  BENN MSAL MOTN HWV  VWV 
 P Polarity weights:  0.05 0.05 0.01 0.03 0.17 0.24 0.69 0.61
  Total P polarity weight is  1.870   Total number:   8
 +++++++++++++++++++++++++++++++++++++++++++++++++++++++++++++++++++++++++++++

     Dip,Strike,Rake     85.17   271.27    74.95
     Dip,Strike,Rake     15.79   163.89   161.98   Auxiliary Plane
     Lower Hem. Trend, Plunge of A,N     73.89    74.21   181.27     4.83
     Lower Hem. Trend, Plunge of P,T     14.82    38.38   165.43    47.73
     B trend, B plunge, Angle:  272.57  15.00  85.00

 P Polarity error at  WSSR BBG  ANTN BENN MSAL SHTN MOTN HWV  VWV 
 P Polarity weights:  0.01 0.14 0.01 0.03 0.24 0.07 0.17 0.71 0.63
  Total P polarity weight is  1.992   Total number:   9
 +++++++++++++++++++++++++++++++++++++++++++++++++++++++++++++++++++++++++++++

     Dip,Strike,Rake     85.30    75.83   -69.93
     Dip,Strike,Rake     20.59   178.47  -166.53   Auxiliary Plane
     Lower Hem. Trend, Plunge of A,N     88.47    69.41   345.83     4.70
     Lower Hem. Trend, Plunge of P,T      6.29    46.04   148.10    37.16
     B trend, B plunge, Angle:  254.12  20.00  95.00

 P Polarity error at  TQTN CPO  PDTN BENN MSAL PWLA MOTN HWV  VWV 
 P Polarity weights:  0.14 0.11 0.02 0.22 0.01 0.07 0.30 0.59 0.49
  Total P polarity weight is  1.940   Total number:   9
 +++++++++++++++++++++++++++++++++++++++++++++++++++++++++++++++++++++++++++++

     Dip,Strike,Rake     80.61    77.57   -69.72
     Dip,Strike,Rake     22.27   191.39  -154.49   Auxiliary Plane
     Lower Hem. Trend, Plunge of A,N    101.39    67.73   347.57     9.39
     Lower Hem. Trend, Plunge of P,T     10.15    50.33   150.65    32.61
     B trend, B plunge, Angle:  254.12  20.00 100.00

 P Polarity error at  TQTN CRTN CPO  PDTN BENN PWLA MOTN HWV  VWV 
 P Polarity weights:  0.06 0.07 0.11 0.01 0.10 0.08 0.27 0.66 0.58
  Total P polarity weight is  1.950   Total number:   9
 +++++++++++++++++++++++++++++++++++++++++++++++++++++++++++++++++++++++++++++

     Dip,Strike,Rake     75.92    79.35   -69.35
     Dip,Strike,Rake     24.81   202.19  -144.58   Auxiliary Plane
     Lower Hem. Trend, Plunge of A,N    112.19    65.19   349.35    14.08
     Lower Hem. Trend, Plunge of P,T     14.76    54.47   152.95    28.02
     B trend, B plunge, Angle:  254.12  20.00 105.00

 P Polarity error at  CRTN CPO  PDTN PWLA MOTN HWV  VWV 
 P Polarity weights:  0.17 0.12 0.01 0.09 0.23 0.72 0.65
  Total P polarity weight is  1.973   Total number:   7
 +++++++++++++++++++++++++++++++++++++++++++++++++++++++++++++++++++++++++++++

     Dip,Strike,Rake     90.00   259.41    70.00
     Dip,Strike,Rake     20.00   169.41  -180.00   Auxiliary Plane
     Lower Hem. Trend, Plunge of A,N     79.41    70.00   349.41     0.00
     Lower Hem. Trend, Plunge of P,T      8.29    41.64   150.53    41.64
     B trend, B plunge, Angle:  259.41  20.00  90.00

 P Polarity error at  TKL  TQTN BBG  CPO  BENN MSAL PWLA MOTN HWV  VWV 
 P Polarity weights:  0.00 0.10 0.07 0.07 0.22 0.07 0.01 0.27 0.59 0.50
  Total P polarity weight is  1.901   Total number:  10
 +++++++++++++++++++++++++++++++++++++++++++++++++++++++++++++++++++++++++++++

     Dip,Strike,Rake     85.30    81.13   -69.93
     Dip,Strike,Rake     20.59   183.76  -166.53   Auxiliary Plane
     Lower Hem. Trend, Plunge of A,N     93.76    69.41   351.13     4.70
     Lower Hem. Trend, Plunge of P,T     11.59    46.04   153.40    37.16
     B trend, B plunge, Angle:  259.41  20.00  95.00

 P Polarity error at  TKL  TQTN CRTN CPO  BENN MSAL PWLA MOTN HWV  VWV 
 P Polarity weights:  0.00 0.02 0.02 0.07 0.10 0.06 0.03 0.25 0.68 0.59
  Total P polarity weight is  1.827   Total number:  10
 +++++++++++++++++++++++++++++++++++++++++++++++++++++++++++++++++++++++++++++

     Dip,Strike,Rake     80.61    82.86   -69.72
     Dip,Strike,Rake     22.27   196.68  -154.49   Auxiliary Plane
     Lower Hem. Trend, Plunge of A,N    106.68    67.73   352.86     9.39
     Lower Hem. Trend, Plunge of P,T     15.45    50.33   155.94    32.61
     B trend, B plunge, Angle:  259.41  20.00 100.00

 P Polarity error at  TKL  CRTN CPO  MSAL PWLA MOTN HWV  VWV 
 P Polarity weights:  0.00 0.13 0.07 0.04 0.04 0.23 0.74 0.67
  Total P polarity weight is  1.922   Total number:   8
 +++++++++++++++++++++++++++++++++++++++++++++++++++++++++++++++++++++++++++++

     Dip,Strike,Rake     85.30   262.99    69.93
     Dip,Strike,Rake     20.59   160.36   166.53   Auxiliary Plane
     Lower Hem. Trend, Plunge of A,N     70.36    69.41   172.99     4.70
     Lower Hem. Trend, Plunge of P,T     10.72    37.16   152.53    46.04
     B trend, B plunge, Angle:  264.71  20.00  85.00

 P Polarity error at  TKL  TQTN BBG  CPO  BENN MSAL MOTN HWV  VWV 
 P Polarity weights:  0.01 0.06 0.16 0.04 0.22 0.12 0.22 0.60 0.50
  Total P polarity weight is  1.924   Total number:   9
 +++++++++++++++++++++++++++++++++++++++++++++++++++++++++++++++++++++++++++++

     Dip,Strike,Rake     90.00   264.71    70.00
     Dip,Strike,Rake     20.00   174.71  -180.00   Auxiliary Plane
     Lower Hem. Trend, Plunge of A,N     84.71    70.00   354.71     0.00
     Lower Hem. Trend, Plunge of P,T     13.59    41.64   155.82    41.64
     B trend, B plunge, Angle:  264.71  20.00  90.00

 P Polarity error at  TKL  BBG  CPO  BENN MSAL MOTN HWV  VWV 
 P Polarity weights:  0.00 0.01 0.04 0.10 0.11 0.22 0.69 0.60
  Total P polarity weight is  1.774   Total number:   8
 +++++++++++++++++++++++++++++++++++++++++++++++++++++++++++++++++++++++++++++

     Dip,Strike,Rake     85.30    86.42   -69.93
     Dip,Strike,Rake     20.59   189.05  -166.53   Auxiliary Plane
     Lower Hem. Trend, Plunge of A,N     99.05    69.41   356.42     4.70
     Lower Hem. Trend, Plunge of P,T     16.88    46.04   158.69    37.16
     B trend, B plunge, Angle:  264.71  20.00  95.00

 P Polarity error at  TKL  CRTN CPO  MSAL MOTN HWV  VWV 
 P Polarity weights:  0.00 0.08 0.04 0.10 0.21 0.75 0.68
  Total P polarity weight is  1.863   Total number:   7
 +++++++++++++++++++++++++++++++++++++++++++++++++++++++++++++++++++++++++++++

     Dip,Strike,Rake     80.61   266.55    69.72
     Dip,Strike,Rake     22.27   152.73   154.49   Auxiliary Plane
     Lower Hem. Trend, Plunge of A,N     62.73    67.73   176.55     9.39
     Lower Hem. Trend, Plunge of P,T     13.47    32.61   153.97    50.33
     B trend, B plunge, Angle:  270.00  20.00  80.00

 P Polarity error at  TKL  TQTN BBG  ONTN CPO  BENN MSAL SHTN MOTN HWV  VWV 
 P Polarity weights:  0.02 0.02 0.23 0.02 0.02 0.22 0.16 0.04 0.15 0.60 0.50
  Total P polarity weight is  1.974   Total number:  11
 +++++++++++++++++++++++++++++++++++++++++++++++++++++++++++++++++++++++++++++

     Dip,Strike,Rake     85.30   268.29    69.93
     Dip,Strike,Rake     20.59   165.65   166.53   Auxiliary Plane
     Lower Hem. Trend, Plunge of A,N     75.65    69.41   178.29     4.70
     Lower Hem. Trend, Plunge of P,T     16.01    37.16   157.82    46.04
     B trend, B plunge, Angle:  270.00  20.00  85.00

 P Polarity error at  TKL  BBG  CPO  BENN MSAL SHTN MOTN HWV  VWV 
 P Polarity weights:  0.01 0.10 0.02 0.10 0.16 0.03 0.16 0.69 0.60
  Total P polarity weight is  1.875   Total number:   9
 +++++++++++++++++++++++++++++++++++++++++++++++++++++++++++++++++++++++++++++

     Dip,Strike,Rake     90.00   270.00    70.00
     Dip,Strike,Rake     20.00   180.00   180.00   Auxiliary Plane
     Lower Hem. Trend, Plunge of A,N     90.00    70.00     0.00     0.00
     Lower Hem. Trend, Plunge of P,T     18.88    41.64   161.12    41.64
     B trend, B plunge, Angle:  270.00  20.00  90.00

 P Polarity error at  TKL  CPO  MSAL SHTN MOTN HWV  VWV 
 P Polarity weights:  0.00 0.01 0.16 0.02 0.17 0.77 0.69
  Total P polarity weight is  1.819   Total number:   7
 +++++++++++++++++++++++++++++++++++++++++++++++++++++++++++++++++++++++++++++

     Dip,Strike,Rake     80.61   271.84    69.72
     Dip,Strike,Rake     22.27   158.02   154.49   Auxiliary Plane
     Lower Hem. Trend, Plunge of A,N     68.02    67.73   181.84     9.39
     Lower Hem. Trend, Plunge of P,T     18.76    32.61   159.26    50.33
     B trend, B plunge, Angle:  275.29  20.00  80.00

 P Polarity error at  TKL  BBG  BENN MSAL SHTN MOTN HWV  VWV 
 P Polarity weights:  0.03 0.16 0.10 0.19 0.08 0.10 0.69 0.60
  Total P polarity weight is  1.956   Total number:   8
 +++++++++++++++++++++++++++++++++++++++++++++++++++++++++++++++++++++++++++++

     Dip,Strike,Rake     85.30   273.58    69.93
     Dip,Strike,Rake     20.59   170.95   166.53   Auxiliary Plane
     Lower Hem. Trend, Plunge of A,N     80.95    69.41   183.58     4.70
     Lower Hem. Trend, Plunge of P,T     21.31    37.16   163.12    46.04
     B trend, B plunge, Angle:  275.29  20.00  85.00

 P Polarity error at  TKL  BBG  MSAL SHTN MOTN HWV  VWV 
 P Polarity weights:  0.02 0.04 0.20 0.07 0.11 0.78 0.70
  Total P polarity weight is  1.915   Total number:   7
 +++++++++++++++++++++++++++++++++++++++++++++++++++++++++++++++++++++++++++++

     Dip,Strike,Rake     57.39   288.30    66.04
     Dip,Strike,Rake     39.67   147.80   122.40   Auxiliary Plane
     Lower Hem. Trend, Plunge of A,N     57.80    50.33   198.30    32.61
     Lower Hem. Trend, Plunge of P,T     35.22     9.39   149.04    67.73
     B trend, B plunge, Angle:  301.76  20.00  55.00

 P Polarity error at  TKL  BBG  ONTN ABTN TRYN BENN SHTN PWLA HWV  VWV 
 P Polarity weights:  0.39 0.17 0.23 0.12 0.01 0.18 0.03 0.01 0.46 0.39
  Total P polarity weight is  1.985   Total number:  10
 +++++++++++++++++++++++++++++++++++++++++++++++++++++++++++++++++++++++++++++

     Dip,Strike,Rake     76.43    75.69   -64.23
     Dip,Strike,Rake     28.90   191.61  -150.97   Auxiliary Plane
     Lower Hem. Trend, Plunge of A,N    101.61    61.10   345.69    13.57
     Lower Hem. Trend, Plunge of P,T     15.43    51.71   145.52    26.95
     B trend, B plunge, Angle:  249.23  25.00 105.00

 P Polarity error at  TQTN CRTN CPO  PDTN BENN PWLA MOTN HWV  VWV 
 P Polarity weights:  0.08 0.03 0.20 0.05 0.07 0.07 0.17 0.70 0.63
  Total P polarity weight is  1.978   Total number:   9
 +++++++++++++++++++++++++++++++++++++++++++++++++++++++++++++++++++++++++++++

     Dip,Strike,Rake     71.94    77.98   -63.61
     Dip,Strike,Rake     31.61   199.97  -143.74   Auxiliary Plane
     Lower Hem. Trend, Plunge of A,N    109.97    58.39   347.98    18.06
     Lower Hem. Trend, Plunge of P,T     21.42    55.22   148.08    22.52
     B trend, B plunge, Angle:  249.23  25.00 110.00

 P Polarity error at  CRTN CPO  PDTN PWLA MOTN HWV  VWV 
 P Polarity weights:  0.11 0.19 0.03 0.07 0.11 0.76 0.70
  Total P polarity weight is  1.974   Total number:   7
 +++++++++++++++++++++++++++++++++++++++++++++++++++++++++++++++++++++++++++++

     Dip,Strike,Rake     85.47    76.89   -64.92
     Dip,Strike,Rake     25.46   176.47  -169.41   Auxiliary Plane
     Lower Hem. Trend, Plunge of A,N     86.47    64.54   346.89     4.53
     Lower Hem. Trend, Plunge of P,T     11.50    43.97   145.24    35.63
     B trend, B plunge, Angle:  254.77  25.00  95.00

 P Polarity error at  TQTN CPO  PDTN BENN MSAL PWLA MOTN HWV  VWV 
 P Polarity weights:  0.13 0.14 0.02 0.21 0.01 0.04 0.22 0.63 0.54
  Total P polarity weight is  1.944   Total number:   9
 +++++++++++++++++++++++++++++++++++++++++++++++++++++++++++++++++++++++++++++

     Dip,Strike,Rake     80.95    79.03   -64.66
     Dip,Strike,Rake     26.81   187.42  -159.58   Auxiliary Plane
     Lower Hem. Trend, Plunge of A,N     97.42    63.19   349.03     9.05
     Lower Hem. Trend, Plunge of P,T     15.88    47.94   148.28    31.32
     B trend, B plunge, Angle:  254.77  25.00 100.00

 P Polarity error at  TQTN CPO  PDTN BENN MSAL PWLA MOTN HWV  VWV 
 P Polarity weights:  0.04 0.14 0.01 0.07 0.01 0.05 0.19 0.72 0.63
  Total P polarity weight is  1.848   Total number:   9
 +++++++++++++++++++++++++++++++++++++++++++++++++++++++++++++++++++++++++++++

     Dip,Strike,Rake     76.43    81.23   -64.23
     Dip,Strike,Rake     28.90   197.14  -150.97   Auxiliary Plane
     Lower Hem. Trend, Plunge of A,N    107.14    61.10   351.23    13.57
     Lower Hem. Trend, Plunge of P,T     20.97    51.71   151.06    26.95
     B trend, B plunge, Angle:  254.77  25.00 105.00

 P Polarity error at  TKL  CRTN CPO  PWLA MOTN HWV  VWV 
 P Polarity weights:  0.00 0.10 0.14 0.05 0.15 0.78 0.71
  Total P polarity weight is  1.917   Total number:   7
 +++++++++++++++++++++++++++++++++++++++++++++++++++++++++++++++++++++++++++++

     Dip,Strike,Rake     90.00   260.31    65.00
     Dip,Strike,Rake     25.00   170.31  -180.00   Auxiliary Plane
     Lower Hem. Trend, Plunge of A,N     80.31    65.00   350.31     0.00
     Lower Hem. Trend, Plunge of P,T     13.22    39.86   147.40    39.86
     B trend, B plunge, Angle:  260.31  25.00  90.00

 P Polarity error at  TKL  TQTN BBG  CPO  BENN MSAL PWLA MOTN HWV  VWV 
 P Polarity weights:  0.01 0.09 0.00 0.10 0.21 0.05 0.00 0.20 0.64 0.54
  Total P polarity weight is  1.853   Total number:  10
 +++++++++++++++++++++++++++++++++++++++++++++++++++++++++++++++++++++++++++++

     Dip,Strike,Rake     85.47    82.43   -64.92
     Dip,Strike,Rake     25.46   182.00  -169.41   Auxiliary Plane
     Lower Hem. Trend, Plunge of A,N     92.00    64.54   352.43     4.53
     Lower Hem. Trend, Plunge of P,T     17.04    43.97   150.78    35.63
     B trend, B plunge, Angle:  260.31  25.00  95.00

 P Polarity error at  TKL  CPO  BENN MSAL PWLA MOTN HWV  VWV 
 P Polarity weights:  0.02 0.09 0.08 0.05 0.01 0.18 0.73 0.64
  Total P polarity weight is  1.797   Total number:   8
 +++++++++++++++++++++++++++++++++++++++++++++++++++++++++++++++++++++++++++++

     Dip,Strike,Rake     80.95    84.57   -64.66
     Dip,Strike,Rake     26.81   192.95  -159.58   Auxiliary Plane
     Lower Hem. Trend, Plunge of A,N    102.95    63.19   354.57     9.05
     Lower Hem. Trend, Plunge of P,T     21.42    47.94   153.82    31.32
     B trend, B plunge, Angle:  260.31  25.00 100.00

 P Polarity error at  TKL  CRTN CPO  MSAL PWLA MOTN HWV  VWV 
 P Polarity weights:  0.02 0.06 0.09 0.04 0.02 0.16 0.79 0.72
  Total P polarity weight is  1.899   Total number:   8
 +++++++++++++++++++++++++++++++++++++++++++++++++++++++++++++++++++++++++++++

     Dip,Strike,Rake     85.47   263.73    64.92
     Dip,Strike,Rake     25.46   164.15   169.41   Auxiliary Plane
     Lower Hem. Trend, Plunge of A,N     74.15    64.54   173.73     4.53
     Lower Hem. Trend, Plunge of P,T     15.37    35.63   149.11    43.97
     B trend, B plunge, Angle:  265.85  25.00  85.00

 P Polarity error at  TKL  TQTN BBG  CPO  BENN MSAL MOTN HWV  VWV 
 P Polarity weights:  0.03 0.04 0.08 0.06 0.21 0.09 0.16 0.64 0.54
  Total P polarity weight is  1.863   Total number:   9
 +++++++++++++++++++++++++++++++++++++++++++++++++++++++++++++++++++++++++++++

     Dip,Strike,Rake     90.00   265.85    65.00
     Dip,Strike,Rake     25.00   175.85  -180.00   Auxiliary Plane
     Lower Hem. Trend, Plunge of A,N     85.85    65.00   355.85     0.00
     Lower Hem. Trend, Plunge of P,T     18.76    39.86   152.94    39.86
     B trend, B plunge, Angle:  265.85  25.00  90.00

 P Polarity error at  TKL  CPO  BENN MSAL MOTN HWV  VWV 
 P Polarity weights:  0.03 0.05 0.08 0.09 0.16 0.73 0.65
  Total P polarity weight is  1.791   Total number:   7
 +++++++++++++++++++++++++++++++++++++++++++++++++++++++++++++++++++++++++++++

     Dip,Strike,Rake     85.47    87.96   -64.92
     Dip,Strike,Rake     25.46   187.54  -169.41   Auxiliary Plane
     Lower Hem. Trend, Plunge of A,N     97.54    64.54   357.96     4.53
     Lower Hem. Trend, Plunge of P,T     22.58    43.97   156.32    35.63
     B trend, B plunge, Angle:  265.85  25.00  95.00

 P Polarity error at  TKL  CRTN CPO  MSAL MOTN HWV  VWV 
 P Polarity weights:  0.03 0.01 0.04 0.09 0.14 0.81 0.74
  Total P polarity weight is  1.858   Total number:   7
 +++++++++++++++++++++++++++++++++++++++++++++++++++++++++++++++++++++++++++++

     Dip,Strike,Rake     80.95   267.12    64.66
     Dip,Strike,Rake     26.81   158.74   159.58   Auxiliary Plane
     Lower Hem. Trend, Plunge of A,N     68.74    63.19   177.12     9.05
     Lower Hem. Trend, Plunge of P,T     17.87    31.32   150.27    47.94
     B trend, B plunge, Angle:  271.38  25.00  80.00

 P Polarity error at  TKL  TQTN BBG  CPO  BENN MSAL SHTN MOTN HWV  VWV 
 P Polarity weights:  0.06 0.00 0.14 0.03 0.21 0.11 0.03 0.11 0.63 0.54
  Total P polarity weight is  1.869   Total number:  10
 +++++++++++++++++++++++++++++++++++++++++++++++++++++++++++++++++++++++++++++

     Dip,Strike,Rake     85.47   269.27    64.92
     Dip,Strike,Rake     25.46   169.69   169.41   Auxiliary Plane
     Lower Hem. Trend, Plunge of A,N     79.69    64.54   179.27     4.53
     Lower Hem. Trend, Plunge of P,T     20.91    35.63   154.65    43.97
     B trend, B plunge, Angle:  271.38  25.00  85.00

 P Polarity error at  TKL  BBG  CPO  BENN MSAL SHTN MOTN HWV  VWV 
 P Polarity weights:  0.05 0.01 0.02 0.08 0.12 0.03 0.12 0.74 0.65
  Total P polarity weight is  1.804   Total number:   9
 +++++++++++++++++++++++++++++++++++++++++++++++++++++++++++++++++++++++++++++

     Dip,Strike,Rake     90.00   271.38    65.00
     Dip,Strike,Rake     25.00   181.38   180.00   Auxiliary Plane
     Lower Hem. Trend, Plunge of A,N     91.38    65.00     1.38     0.00
     Lower Hem. Trend, Plunge of P,T     24.29    39.86   158.47    39.86
     B trend, B plunge, Angle:  271.38  25.00  90.00

 P Polarity error at  TKL  CPO  MSAL SHTN MOTN HWV  VWV 
 P Polarity weights:  0.05 0.01 0.13 0.02 0.12 0.82 0.74
  Total P polarity weight is  1.873   Total number:   7
 +++++++++++++++++++++++++++++++++++++++++++++++++++++++++++++++++++++++++++++

     Dip,Strike,Rake     76.43   270.46    64.23
     Dip,Strike,Rake     28.90   154.55   150.97   Auxiliary Plane
     Lower Hem. Trend, Plunge of A,N     64.55    61.10   180.46    13.57
     Lower Hem. Trend, Plunge of P,T     20.64    26.95   150.72    51.71
     B trend, B plunge, Angle:  276.92  25.00  75.00

 P Polarity error at  TKL  BBG  ONTN BENN MSAL SHTN MOTN HWV  VWV 
 P Polarity weights:  0.10 0.18 0.06 0.21 0.11 0.06 0.06 0.62 0.52
  Total P polarity weight is  1.922   Total number:   9
 +++++++++++++++++++++++++++++++++++++++++++++++++++++++++++++++++++++++++++++

     Dip,Strike,Rake     80.95   272.66    64.66
     Dip,Strike,Rake     26.81   164.28   159.58   Auxiliary Plane
     Lower Hem. Trend, Plunge of A,N     74.28    63.19   182.66     9.05
     Lower Hem. Trend, Plunge of P,T     23.41    31.32   155.81    47.94
     B trend, B plunge, Angle:  276.92  25.00  80.00

 P Polarity error at  TKL  BBG  BENN MSAL SHTN MOTN HWV  VWV 
 P Polarity weights:  0.09 0.06 0.08 0.14 0.06 0.07 0.73 0.64
  Total P polarity weight is  1.864   Total number:   8
 +++++++++++++++++++++++++++++++++++++++++++++++++++++++++++++++++++++++++++++

     Dip,Strike,Rake     85.47   274.81    64.92
     Dip,Strike,Rake     25.46   175.23   169.41   Auxiliary Plane
     Lower Hem. Trend, Plunge of A,N     85.23    64.54   184.81     4.53
     Lower Hem. Trend, Plunge of P,T     26.45    35.63   160.19    43.97
     B trend, B plunge, Angle:  276.92  25.00  85.00

 P Polarity error at  TKL  MSAL SHTN MOTN HWV  VWV 
 P Polarity weights:  0.07 0.16 0.06 0.07 0.82 0.75
  Total P polarity weight is  1.922   Total number:   6
 +++++++++++++++++++++++++++++++++++++++++++++++++++++++++++++++++++++++++++++

     Dip,Strike,Rake     71.94   273.72    63.61
     Dip,Strike,Rake     31.61   151.73   143.74   Auxiliary Plane
     Lower Hem. Trend, Plunge of A,N     61.73    58.39   183.72    18.06
     Lower Hem. Trend, Plunge of P,T     23.61    22.52   150.28    55.22
     B trend, B plunge, Angle:  282.46  25.00  70.00

 P Polarity error at  TKL  BBG  ONTN BENN MSAL SHTN MOTN HWV  VWV 
 P Polarity weights:  0.15 0.20 0.12 0.22 0.10 0.07 0.01 0.59 0.50
  Total P polarity weight is  1.962   Total number:   9
 +++++++++++++++++++++++++++++++++++++++++++++++++++++++++++++++++++++++++++++

     Dip,Strike,Rake     76.43   276.00    64.23
     Dip,Strike,Rake     28.90   160.09   150.97   Auxiliary Plane
     Lower Hem. Trend, Plunge of A,N     70.09    61.10   186.00    13.57
     Lower Hem. Trend, Plunge of P,T     26.17    26.95   156.26    51.71
     B trend, B plunge, Angle:  282.46  25.00  75.00

 P Polarity error at  TKL  BBG  BENN MSAL SHTN MOTN HWV  VWV 
 P Polarity weights:  0.13 0.10 0.08 0.13 0.08 0.02 0.71 0.63
  Total P polarity weight is  1.885   Total number:   8
 +++++++++++++++++++++++++++++++++++++++++++++++++++++++++++++++++++++++++++++

     Dip,Strike,Rake     80.95   278.20    64.66
     Dip,Strike,Rake     26.81   169.81   159.58   Auxiliary Plane
     Lower Hem. Trend, Plunge of A,N     79.81    63.19   188.20     9.05
     Lower Hem. Trend, Plunge of P,T     28.95    31.32   161.35    47.94
     B trend, B plunge, Angle:  282.46  25.00  80.00

 P Polarity error at  TKL  MSAL SHTN MOTN HWV  VWV 
 P Polarity weights:  0.11 0.17 0.08 0.03 0.81 0.74
  Total P polarity weight is  1.939   Total number:   6
 +++++++++++++++++++++++++++++++++++++++++++++++++++++++++++++++++++++++++++++

     Dip,Strike,Rake     67.48   276.85    62.77
     Dip,Strike,Rake     34.78   150.19   137.81   Auxiliary Plane
     Lower Hem. Trend, Plunge of A,N     60.19    55.22   186.85    22.52
     Lower Hem. Trend, Plunge of P,T     26.74    18.06   148.74    58.39
     B trend, B plunge, Angle:  288.00  25.00  65.00

 P Polarity error at  TKL  BBG  ONTN BENN MSAL SHTN HWV  VWV 
 P Polarity weights:  0.22 0.20 0.18 0.23 0.05 0.06 0.55 0.46
  Total P polarity weight is  1.951   Total number:   8
 +++++++++++++++++++++++++++++++++++++++++++++++++++++++++++++++++++++++++++++

     Dip,Strike,Rake     71.94   279.26    63.61
     Dip,Strike,Rake     31.61   157.26   143.74   Auxiliary Plane
     Lower Hem. Trend, Plunge of A,N     67.26    58.39   189.26    18.06
     Lower Hem. Trend, Plunge of P,T     29.15    22.52   155.81    55.22
     B trend, B plunge, Angle:  288.00  25.00  70.00

 P Polarity error at  TKL  BBG  ONTN ABTN BENN MSAL SHTN HWV  VWV 
 P Polarity weights:  0.19 0.11 0.03 0.00 0.09 0.10 0.08 0.68 0.60
  Total P polarity weight is  1.901   Total number:   9
 +++++++++++++++++++++++++++++++++++++++++++++++++++++++++++++++++++++++++++++

     Dip,Strike,Rake     76.43   281.54    64.23
     Dip,Strike,Rake     28.90   165.62   150.97   Auxiliary Plane
     Lower Hem. Trend, Plunge of A,N     75.62    61.10   191.54    13.57
     Lower Hem. Trend, Plunge of P,T     31.71    26.95   161.80    51.71
     B trend, B plunge, Angle:  288.00  25.00  75.00

 P Polarity error at  TKL  BBG  ABTN MSAL SHTN HWV  VWV 
 P Polarity weights:  0.16 0.02 0.02 0.15 0.10 0.79 0.72
  Total P polarity weight is  1.966   Total number:   7
 +++++++++++++++++++++++++++++++++++++++++++++++++++++++++++++++++++++++++++++

     Dip,Strike,Rake     63.05   279.83    61.70
     Dip,Strike,Rake     38.29   149.74   133.00   Auxiliary Plane
     Lower Hem. Trend, Plunge of A,N     59.74    51.71   189.83    26.95
     Lower Hem. Trend, Plunge of P,T     30.00    13.57   145.91    61.10
     B trend, B plunge, Angle:  293.54  25.00  60.00

 P Polarity error at  TKL  BBG  ONTN ABTN BENN SHTN PKNC HWV  VWV 
 P Polarity weights:  0.30 0.19 0.21 0.03 0.25 0.03 0.02 0.49 0.41
  Total P polarity weight is  1.922   Total number:   9
 +++++++++++++++++++++++++++++++++++++++++++++++++++++++++++++++++++++++++++++

     Dip,Strike,Rake     67.48   282.39    62.77
     Dip,Strike,Rake     34.78   155.72   137.81   Auxiliary Plane
     Lower Hem. Trend, Plunge of A,N     65.72    55.22   192.39    22.52
     Lower Hem. Trend, Plunge of P,T     32.28    18.06   154.27    58.39
     B trend, B plunge, Angle:  293.54  25.00  65.00

 P Polarity error at  TKL  BBG  ONTN ABTN BENN MSAL SHTN HWV  VWV 
 P Polarity weights:  0.27 0.11 0.08 0.05 0.11 0.05 0.06 0.63 0.56
  Total P polarity weight is  1.917   Total number:   9
 +++++++++++++++++++++++++++++++++++++++++++++++++++++++++++++++++++++++++++++

     Dip,Strike,Rake     71.94   284.79    63.61
     Dip,Strike,Rake     31.61   162.80   143.74   Auxiliary Plane
     Lower Hem. Trend, Plunge of A,N     72.80    58.39   194.79    18.06
     Lower Hem. Trend, Plunge of P,T     34.69    22.52   161.35    55.22
     B trend, B plunge, Angle:  293.54  25.00  70.00

 P Polarity error at  TKL  BBG  ABTN TRYN MSAL SHTN HWV  VWV 
 P Polarity weights:  0.23 0.04 0.06 0.01 0.11 0.09 0.76 0.69
  Total P polarity weight is  1.989   Total number:   8
 +++++++++++++++++++++++++++++++++++++++++++++++++++++++++++++++++++++++++++++

     Dip,Strike,Rake     63.05   285.36    61.70
     Dip,Strike,Rake     38.29   155.28   133.00   Auxiliary Plane
     Lower Hem. Trend, Plunge of A,N     65.28    51.71   195.36    26.95
     Lower Hem. Trend, Plunge of P,T     35.54    13.57   151.45    61.10
     B trend, B plunge, Angle:  299.08  25.00  60.00

 P Polarity error at  TKL  BBG  ONTN ABTN BENN SHTN PWLA HWV  VWV 
 P Polarity weights:  0.36 0.10 0.11 0.09 0.13 0.02 0.00 0.57 0.50
  Total P polarity weight is  1.881   Total number:   9
 +++++++++++++++++++++++++++++++++++++++++++++++++++++++++++++++++++++++++++++

     Dip,Strike,Rake     67.48   287.93    62.77
     Dip,Strike,Rake     34.78   161.26   137.81   Auxiliary Plane
     Lower Hem. Trend, Plunge of A,N     71.26    55.22   197.93    22.52
     Lower Hem. Trend, Plunge of P,T     37.82    18.06   159.81    58.39
     B trend, B plunge, Angle:  299.08  25.00  65.00

 P Polarity error at  TKL  BBG  ABTN TRYN MSAL SHTN HWV  VWV 
 P Polarity weights:  0.32 0.04 0.11 0.05 0.05 0.06 0.70 0.64
  Total P polarity weight is  1.972   Total number:   8
 +++++++++++++++++++++++++++++++++++++++++++++++++++++++++++++++++++++++++++++

     Dip,Strike,Rake     58.68   288.13    60.35
     Dip,Strike,Rake     42.06   155.73   129.11   Auxiliary Plane
     Lower Hem. Trend, Plunge of A,N     65.73    47.94   198.13    31.32
     Lower Hem. Trend, Plunge of P,T     38.88     9.05   147.26    63.19
     B trend, B plunge, Angle:  304.62  25.00  55.00

 P Polarity error at  TKL  BBG  ONTN ABTN TRYN BENN PWLA HWV  VWV 
 P Polarity weights:  0.46 0.08 0.12 0.15 0.02 0.17 0.09 0.49 0.43
  Total P polarity weight is  1.987   Total number:   9
 +++++++++++++++++++++++++++++++++++++++++++++++++++++++++++++++++++++++++++++

     Dip,Strike,Rake     63.05   290.90    61.70
     Dip,Strike,Rake     38.29   160.82   133.00   Auxiliary Plane
     Lower Hem. Trend, Plunge of A,N     70.82    51.71   200.90    26.95
     Lower Hem. Trend, Plunge of P,T     41.08    13.57   156.99    61.10
     B trend, B plunge, Angle:  304.62  25.00  60.00

 P Polarity error at  TKL  BBG  ONTN ABTN TRYN BENN PWLA HWV  VWV 
 P Polarity weights:  0.41 0.03 0.01 0.17 0.10 0.01 0.02 0.63 0.58
  Total P polarity weight is  1.953   Total number:   9
 +++++++++++++++++++++++++++++++++++++++++++++++++++++++++++++++++++++++++++++

     Dip,Strike,Rake     72.77    74.19   -58.43
     Dip,Strike,Rake     35.53   189.92  -149.36   Auxiliary Plane
     Lower Hem. Trend, Plunge of A,N     99.92    54.47   344.19    17.23
     Lower Hem. Trend, Plunge of P,T     20.87    51.71   140.75    21.47
     B trend, B plunge, Angle:  243.87  30.00 110.00

 P Polarity error at  TQTN CPO  PDTN BENN PWLA MOTN HWV  VWV 
 P Polarity weights:  0.08 0.29 0.09 0.03 0.03 0.04 0.75 0.67
  Total P polarity weight is  1.977   Total number:   8
 +++++++++++++++++++++++++++++++++++++++++++++++++++++++++++++++++++++++++++++

     Dip,Strike,Rake     68.53    77.00   -57.50
     Dip,Strike,Rake     38.29   196.87  -143.80   Auxiliary Plane
     Lower Hem. Trend, Plunge of A,N    106.87    51.71   347.00    21.47
     Lower Hem. Trend, Plunge of P,T     27.82    54.47   143.56    17.23
     B trend, B plunge, Angle:  243.87  30.00 115.00

 P Polarity error at  CRTN CPO  PDTN PWLA HWV  VWV 
 P Polarity weights:  0.03 0.27 0.06 0.01 0.81 0.75
  Total P polarity weight is  1.945   Total number:   6
 +++++++++++++++++++++++++++++++++++++++++++++++++++++++++++++++++++++++++++++

     Dip,Strike,Rake     77.05    77.31   -59.13
     Dip,Strike,Rake     33.23   187.86  -155.85   Auxiliary Plane
     Lower Hem. Trend, Plunge of A,N     97.86    56.77   347.31    12.95
     Lower Hem. Trend, Plunge of P,T     20.57    48.59   143.58    25.66
     B trend, B plunge, Angle:  249.68  30.00 105.00

 P Polarity error at  TQTN CPO  PDTN BENN PWLA MOTN HWV  VWV 
 P Polarity weights:  0.05 0.22 0.04 0.04 0.03 0.08 0.76 0.68
  Total P polarity weight is  1.895   Total number:   8
 +++++++++++++++++++++++++++++++++++++++++++++++++++++++++++++++++++++++++++++

     Dip,Strike,Rake     72.77    79.99   -58.43
     Dip,Strike,Rake     35.53   195.73  -149.36   Auxiliary Plane
     Lower Hem. Trend, Plunge of A,N    105.73    54.47   349.99    17.23
     Lower Hem. Trend, Plunge of P,T     26.67    51.71   146.55    21.47
     B trend, B plunge, Angle:  249.68  30.00 110.00

 P Polarity error at  CRTN CPO  PDTN PWLA MOTN HWV  VWV 
 P Polarity weights:  0.04 0.20 0.01 0.03 0.03 0.82 0.76
  Total P polarity weight is  1.889   Total number:   7
 +++++++++++++++++++++++++++++++++++++++++++++++++++++++++++++++++++++++++++++

     Dip,Strike,Rake     85.67    77.99   -59.91
     Dip,Strike,Rake     30.38   175.41  -171.42   Auxiliary Plane
     Lower Hem. Trend, Plunge of A,N     85.41    59.62   347.99     4.33
     Lower Hem. Trend, Plunge of P,T     16.27    41.56   142.72    33.83
     B trend, B plunge, Angle:  255.48  30.00  95.00

 P Polarity error at  TKL  TQTN CPO  PDTN BENN MSAL PWLA MOTN HWV  VWV 
 P Polarity weights:  0.00 0.11 0.17 0.01 0.20 0.01 0.02 0.14 0.68 0.58
  Total P polarity weight is  1.923   Total number:  10
 +++++++++++++++++++++++++++++++++++++++++++++++++++++++++++++++++++++++++++++

     Dip,Strike,Rake     81.35    80.52   -59.62
     Dip,Strike,Rake     31.47   184.91  -163.26   Auxiliary Plane
     Lower Hem. Trend, Plunge of A,N     94.91    58.53   350.52     8.65
     Lower Hem. Trend, Plunge of P,T     21.01    45.19   146.19    29.78
     B trend, B plunge, Angle:  255.48  30.00 100.00

 P Polarity error at  TKL  TQTN CPO  BENN MSAL PWLA MOTN HWV  VWV 
 P Polarity weights:  0.01 0.01 0.16 0.05 0.01 0.02 0.11 0.77 0.68
  Total P polarity weight is  1.812   Total number:   9
 +++++++++++++++++++++++++++++++++++++++++++++++++++++++++++++++++++++++++++++

     Dip,Strike,Rake     77.05    83.11   -59.13
     Dip,Strike,Rake     33.23   193.67  -155.85   Auxiliary Plane
     Lower Hem. Trend, Plunge of A,N    103.67    56.77   353.11    12.95
     Lower Hem. Trend, Plunge of P,T     26.38    48.59   149.38    25.66
     B trend, B plunge, Angle:  255.48  30.00 105.00

 P Polarity error at  TKL  CRTN CPO  MSAL PWLA MOTN HWV  VWV 
 P Polarity weights:  0.02 0.02 0.14 0.01 0.02 0.07 0.83 0.77
  Total P polarity weight is  1.878   Total number:   8
 +++++++++++++++++++++++++++++++++++++++++++++++++++++++++++++++++++++++++++++

     Dip,Strike,Rake     90.00   261.29    60.00
     Dip,Strike,Rake     30.00   171.29  -180.00   Auxiliary Plane
     Lower Hem. Trend, Plunge of A,N     81.29    60.00   351.29     0.00
     Lower Hem. Trend, Plunge of P,T     17.86    37.76   144.73    37.76
     B trend, B plunge, Angle:  261.29  30.00  90.00

 P Polarity error at  TKL  TQTN CPO  BENN MSAL MOTN HWV  VWV 
 P Polarity weights:  0.03 0.07 0.12 0.20 0.04 0.13 0.68 0.58
  Total P polarity weight is  1.848   Total number:   8
 +++++++++++++++++++++++++++++++++++++++++++++++++++++++++++++++++++++++++++++

     Dip,Strike,Rake     85.67    83.80   -59.91
     Dip,Strike,Rake     30.38   181.22  -171.42   Auxiliary Plane
     Lower Hem. Trend, Plunge of A,N     91.22    59.62   353.80     4.33
     Lower Hem. Trend, Plunge of P,T     22.08    41.56   148.53    33.83
     B trend, B plunge, Angle:  261.29  30.00  95.00

 P Polarity error at  TKL  CPO  BENN MSAL PWLA MOTN HWV  VWV 
 P Polarity weights:  0.04 0.11 0.05 0.04 0.00 0.11 0.77 0.69
  Total P polarity weight is  1.804   Total number:   8
 +++++++++++++++++++++++++++++++++++++++++++++++++++++++++++++++++++++++++++++

     Dip,Strike,Rake     81.35    86.33   -59.62
     Dip,Strike,Rake     31.47   190.72  -163.26   Auxiliary Plane
     Lower Hem. Trend, Plunge of A,N    100.72    58.53   356.33     8.65
     Lower Hem. Trend, Plunge of P,T     26.82    45.19   152.00    29.78
     B trend, B plunge, Angle:  261.29  30.00 100.00

 P Polarity error at  TKL  CPO  MSAL PWLA MOTN HWV  VWV 
 P Polarity weights:  0.04 0.09 0.04 0.00 0.08 0.84 0.78
  Total P polarity weight is  1.874   Total number:   7
 +++++++++++++++++++++++++++++++++++++++++++++++++++++++++++++++++++++++++++++

     Dip,Strike,Rake     85.67   264.59    59.91
     Dip,Strike,Rake     30.38   167.17   171.42   Auxiliary Plane
     Lower Hem. Trend, Plunge of A,N     77.17    59.62   174.59     4.33
     Lower Hem. Trend, Plunge of P,T     19.86    33.83   146.31    41.56
     B trend, B plunge, Angle:  267.10  30.00  85.00

 P Polarity error at  TKL  TQTN CPO  BENN MSAL MOTN HWV  VWV 
 P Polarity weights:  0.07 0.02 0.08 0.20 0.05 0.11 0.68 0.58
  Total P polarity weight is  1.781   Total number:   8
 +++++++++++++++++++++++++++++++++++++++++++++++++++++++++++++++++++++++++++++

     Dip,Strike,Rake     90.00   267.10    60.00
     Dip,Strike,Rake     30.00   177.10  -180.00   Auxiliary Plane
     Lower Hem. Trend, Plunge of A,N     87.10    60.00   357.10     0.00
     Lower Hem. Trend, Plunge of P,T     23.66    37.76   150.53    37.76
     B trend, B plunge, Angle:  267.10  30.00  90.00

 P Polarity error at  TKL  CPO  BENN MSAL MOTN HWV  VWV 
 P Polarity weights:  0.07 0.06 0.05 0.06 0.10 0.78 0.69
  Total P polarity weight is  1.801   Total number:   7
 +++++++++++++++++++++++++++++++++++++++++++++++++++++++++++++++++++++++++++++

     Dip,Strike,Rake     85.67    89.60   -59.91
     Dip,Strike,Rake     30.38   187.02  -171.42   Auxiliary Plane
     Lower Hem. Trend, Plunge of A,N     97.02    59.62   359.60     4.33
     Lower Hem. Trend, Plunge of P,T     27.89    41.56   154.34    33.83
     B trend, B plunge, Angle:  267.10  30.00  95.00

 P Polarity error at  TKL  CPO  MSAL MOTN HWV  VWV 
 P Polarity weights:  0.07 0.04 0.07 0.08 0.86 0.79
  Total P polarity weight is  1.890   Total number:   6
 +++++++++++++++++++++++++++++++++++++++++++++++++++++++++++++++++++++++++++++

     Dip,Strike,Rake     81.35   267.86    59.62
     Dip,Strike,Rake     31.47   163.48   163.26   Auxiliary Plane
     Lower Hem. Trend, Plunge of A,N     73.48    58.53   177.86     8.65
     Lower Hem. Trend, Plunge of P,T     22.20    29.78   147.37    45.19
     B trend, B plunge, Angle:  272.90  30.00  80.00

 P Polarity error at  TKL  BBG  CPO  BENN MSAL SHTN MOTN HWV  VWV 
 P Polarity weights:  0.10 0.04 0.03 0.19 0.06 0.02 0.07 0.67 0.57
  Total P polarity weight is  1.771   Total number:   9
 +++++++++++++++++++++++++++++++++++++++++++++++++++++++++++++++++++++++++++++

     Dip,Strike,Rake     85.67   270.40    59.91
     Dip,Strike,Rake     30.38   172.98   171.42   Auxiliary Plane
     Lower Hem. Trend, Plunge of A,N     82.98    59.62   180.40     4.33
     Lower Hem. Trend, Plunge of P,T     25.66    33.83   152.11    41.56
     B trend, B plunge, Angle:  272.90  30.00  85.00

 P Polarity error at  TKL  CPO  BENN MSAL SHTN MOTN HWV  VWV 
 P Polarity weights:  0.10 0.01 0.05 0.08 0.02 0.07 0.78 0.69
  Total P polarity weight is  1.795   Total number:   8
 +++++++++++++++++++++++++++++++++++++++++++++++++++++++++++++++++++++++++++++

     Dip,Strike,Rake     90.00   272.90    60.00
     Dip,Strike,Rake     30.00   182.90   180.00   Auxiliary Plane
     Lower Hem. Trend, Plunge of A,N     92.90    60.00     2.90     0.00
     Lower Hem. Trend, Plunge of P,T     29.47    37.76   156.34    37.76
     B trend, B plunge, Angle:  272.90  30.00  90.00

 P Polarity error at  TKL  MSAL SHTN MOTN HWV  VWV 
 P Polarity weights:  0.09 0.09 0.02 0.07 0.86 0.79
  Total P polarity weight is  1.918   Total number:   6
 +++++++++++++++++++++++++++++++++++++++++++++++++++++++++++++++++++++++++++++

     Dip,Strike,Rake     72.77   268.40    58.43
     Dip,Strike,Rake     35.53   152.66   149.36   Auxiliary Plane
     Lower Hem. Trend, Plunge of A,N     62.66    54.47   178.40    17.23
     Lower Hem. Trend, Plunge of P,T     21.83    21.47   141.71    51.71
     B trend, B plunge, Angle:  278.71  30.00  70.00

 P Polarity error at  TKL  TQTN BBG  ONTN CPO  BENN MSAL SHTN PKNC MOTN HWV 
 P Polarity weights:  0.16 0.05 0.19 0.15 0.01 0.34 0.02 0.03 0.08 0.04 0.52
                      VWV 
                      0.42
  Total P polarity weight is  1.989   Total number:  12
 +++++++++++++++++++++++++++++++++++++++++++++++++++++++++++++++++++++++++++++

     Dip,Strike,Rake     77.05   271.08    59.13
     Dip,Strike,Rake     33.23   160.52   155.85   Auxiliary Plane
     Lower Hem. Trend, Plunge of A,N     70.52    56.77   181.08    12.95
     Lower Hem. Trend, Plunge of P,T     24.81    25.66   147.82    48.59
     B trend, B plunge, Angle:  278.71  30.00  75.00

 P Polarity error at  TKL  BBG  BENN MSAL SHTN MOTN HWV  VWV 
 P Polarity weights:  0.15 0.07 0.20 0.05 0.03 0.04 0.65 0.56
  Total P polarity weight is  1.758   Total number:   8
 +++++++++++++++++++++++++++++++++++++++++++++++++++++++++++++++++++++++++++++

     Dip,Strike,Rake     81.35   273.67    59.62
     Dip,Strike,Rake     31.47   169.28   163.26   Auxiliary Plane
     Lower Hem. Trend, Plunge of A,N     79.28    58.53   183.67     8.65
     Lower Hem. Trend, Plunge of P,T     28.01    29.78   153.18    45.19
     B trend, B plunge, Angle:  278.71  30.00  80.00

 P Polarity error at  TKL  BENN MSAL SHTN MOTN HWV  VWV 
 P Polarity weights:  0.14 0.05 0.08 0.03 0.04 0.77 0.69
  Total P polarity weight is  1.799   Total number:   7
 +++++++++++++++++++++++++++++++++++++++++++++++++++++++++++++++++++++++++++++

     Dip,Strike,Rake     85.67   276.20    59.91
     Dip,Strike,Rake     30.38   178.78   171.42   Auxiliary Plane
     Lower Hem. Trend, Plunge of A,N     88.78    59.62   186.20     4.33
     Lower Hem. Trend, Plunge of P,T     31.47    33.83   157.92    41.56
     B trend, B plunge, Angle:  278.71  30.00  85.00

 P Polarity error at  TKL  MSAL SHTN MOTN HWV  VWV 
 P Polarity weights:  0.13 0.10 0.04 0.04 0.86 0.79
  Total P polarity weight is  1.960   Total number:   6
 +++++++++++++++++++++++++++++++++++++++++++++++++++++++++++++++++++++++++++++

     Dip,Strike,Rake     68.53   271.39    57.50
     Dip,Strike,Rake     38.29   151.51   143.80   Auxiliary Plane
     Lower Hem. Trend, Plunge of A,N     61.51    51.71   181.39    21.47
     Lower Hem. Trend, Plunge of P,T     24.83    17.23   140.57    54.47
     B trend, B plunge, Angle:  284.52  30.00  65.00

 P Polarity error at  TKL  TQTN BBG  ONTN BENN SHTN PKNC MOTN HWV  VWV 
 P Polarity weights:  0.22 0.02 0.19 0.19 0.34 0.02 0.09 0.00 0.48 0.39
  Total P polarity weight is  1.950   Total number:  10
 +++++++++++++++++++++++++++++++++++++++++++++++++++++++++++++++++++++++++++++

     Dip,Strike,Rake     72.77   274.20    58.43
     Dip,Strike,Rake     35.53   158.46   149.36   Auxiliary Plane
     Lower Hem. Trend, Plunge of A,N     68.46    54.47   184.20    17.23
     Lower Hem. Trend, Plunge of P,T     27.64    21.47   147.52    51.71
     B trend, B plunge, Angle:  284.52  30.00  70.00

 P Polarity error at  TKL  BBG  ONTN BENN MSAL SHTN MOTN HWV  VWV 
 P Polarity weights:  0.21 0.09 0.04 0.20 0.02 0.03 0.01 0.62 0.53
  Total P polarity weight is  1.762   Total number:   9
 +++++++++++++++++++++++++++++++++++++++++++++++++++++++++++++++++++++++++++++

     Dip,Strike,Rake     77.05   276.89    59.13
     Dip,Strike,Rake     33.23   166.33   155.85   Auxiliary Plane
     Lower Hem. Trend, Plunge of A,N     76.33    56.77   186.89    12.95
     Lower Hem. Trend, Plunge of P,T     30.62    25.66   153.62    48.59
     B trend, B plunge, Angle:  284.52  30.00  75.00

 P Polarity error at  TKL  BENN MSAL SHTN MOTN HWV  VWV 
 P Polarity weights:  0.20 0.05 0.06 0.04 0.01 0.75 0.67
  Total P polarity weight is  1.779   Total number:   7
 +++++++++++++++++++++++++++++++++++++++++++++++++++++++++++++++++++++++++++++

     Dip,Strike,Rake     81.35   279.48    59.62
     Dip,Strike,Rake     31.47   175.09   163.26   Auxiliary Plane
     Lower Hem. Trend, Plunge of A,N     85.09    58.53   189.48     8.65
     Lower Hem. Trend, Plunge of P,T     33.81    29.78   158.99    45.19
     B trend, B plunge, Angle:  284.52  30.00  80.00

 P Polarity error at  TKL  MSAL SHTN MOTN HWV  VWV 
 P Polarity weights:  0.18 0.10 0.05 0.01 0.85 0.78
  Total P polarity weight is  1.969   Total number:   6
 +++++++++++++++++++++++++++++++++++++++++++++++++++++++++++++++++++++++++++++

     Dip,Strike,Rake     68.53   277.20    57.50
     Dip,Strike,Rake     38.29   157.32   143.80   Auxiliary Plane
     Lower Hem. Trend, Plunge of A,N     67.32    51.71   187.20    21.47
     Lower Hem. Trend, Plunge of P,T     30.64    17.23   146.38    54.47
     B trend, B plunge, Angle:  290.32  30.00  65.00

 P Polarity error at  TKL  BBG  ONTN BENN SHTN PWLA HWV  VWV 
 P Polarity weights:  0.28 0.09 0.08 0.21 0.01 0.01 0.58 0.50
  Total P polarity weight is  1.759   Total number:   8
 +++++++++++++++++++++++++++++++++++++++++++++++++++++++++++++++++++++++++++++

     Dip,Strike,Rake     72.77   280.01    58.43
     Dip,Strike,Rake     35.53   164.27   149.36   Auxiliary Plane
     Lower Hem. Trend, Plunge of A,N     74.27    54.47   190.01    17.23
     Lower Hem. Trend, Plunge of P,T     33.45    21.47   153.33    51.71
     B trend, B plunge, Angle:  290.32  30.00  70.00

 P Polarity error at  TKL  BBG  ABTN BENN MSAL SHTN HWV  VWV 
 P Polarity weights:  0.26 0.00 0.01 0.06 0.03 0.03 0.71 0.64
  Total P polarity weight is  1.748   Total number:   8
 +++++++++++++++++++++++++++++++++++++++++++++++++++++++++++++++++++++++++++++

     Dip,Strike,Rake     77.05   282.69    59.13
     Dip,Strike,Rake     33.23   172.14   155.85   Auxiliary Plane
     Lower Hem. Trend, Plunge of A,N     82.14    56.77   192.69    12.95
     Lower Hem. Trend, Plunge of P,T     36.42    25.66   159.43    48.59
     B trend, B plunge, Angle:  290.32  30.00  75.00

 P Polarity error at  TKL  ABTN MSAL SHTN HWV  VWV 
 P Polarity weights:  0.24 0.04 0.08 0.05 0.82 0.76
  Total P polarity weight is  1.982   Total number:   6
 +++++++++++++++++++++++++++++++++++++++++++++++++++++++++++++++++++++++++++++

     Dip,Strike,Rake     64.34   280.03    56.31
     Dip,Strike,Rake     41.41   157.02   139.11   Auxiliary Plane
     Lower Hem. Trend, Plunge of A,N     67.02    48.59   190.03    25.66
     Lower Hem. Trend, Plunge of P,T     33.76    12.95   144.32    56.77
     B trend, B plunge, Angle:  296.13  30.00  60.00

 P Polarity error at  TKL  BBG  ONTN ABTN BENN PWLA HWV  VWV 
 P Polarity weights:  0.36 0.08 0.10 0.04 0.23 0.06 0.53 0.45
  Total P polarity weight is  1.848   Total number:   8
 +++++++++++++++++++++++++++++++++++++++++++++++++++++++++++++++++++++++++++++

     Dip,Strike,Rake     68.53   283.00    57.50
     Dip,Strike,Rake     38.29   163.13   143.80   Auxiliary Plane
     Lower Hem. Trend, Plunge of A,N     73.13    51.71   193.00    21.47
     Lower Hem. Trend, Plunge of P,T     36.44    17.23   152.18    54.47
     B trend, B plunge, Angle:  296.13  30.00  65.00

 P Polarity error at  TKL  BBG  ABTN BENN PWLA HWV  VWV 
 P Polarity weights:  0.34 0.00 0.06 0.08 0.02 0.67 0.60
  Total P polarity weight is  1.765   Total number:   7
 +++++++++++++++++++++++++++++++++++++++++++++++++++++++++++++++++++++++++++++

     Dip,Strike,Rake     60.22   282.64    54.82
     Dip,Strike,Rake     44.81   157.47   135.19   Auxiliary Plane
     Lower Hem. Trend, Plunge of A,N     67.47    45.19   192.64    29.78
     Lower Hem. Trend, Plunge of P,T     36.97     8.65   141.36    58.53
     B trend, B plunge, Angle:  301.94  30.00  55.00

 P Polarity error at  TKL  BBG  ONTN ABTN BENN PKNC PWLA HWV  VWV 
 P Polarity weights:  0.45 0.05 0.11 0.09 0.26 0.02 0.13 0.46 0.39
  Total P polarity weight is  1.959   Total number:   9
 +++++++++++++++++++++++++++++++++++++++++++++++++++++++++++++++++++++++++++++

     Dip,Strike,Rake     64.34   285.83    56.31
     Dip,Strike,Rake     41.41   162.83   139.11   Auxiliary Plane
     Lower Hem. Trend, Plunge of A,N     72.83    48.59   195.83    25.66
     Lower Hem. Trend, Plunge of P,T     39.57    12.95   150.12    56.77
     B trend, B plunge, Angle:  301.94  30.00  60.00

 P Polarity error at  TKL  ABTN BENN PWLA HWV  VWV 
 P Polarity weights:  0.43 0.12 0.10 0.08 0.61 0.54
  Total P polarity weight is  1.874   Total number:   6
 +++++++++++++++++++++++++++++++++++++++++++++++++++++++++++++++++++++++++++++

     Dip,Strike,Rake     73.73    75.86   -53.31
     Dip,Strike,Rake     39.67   186.47  -153.97   Auxiliary Plane
     Lower Hem. Trend, Plunge of A,N     96.47    50.33   345.86    16.27
     Lower Hem. Trend, Plunge of P,T     24.96    47.94   139.09    20.25
     B trend, B plunge, Angle:  244.07  35.00 110.00

 P Polarity error at  TQTN CPO  PDTN BENN SHTN HWV  VWV 
 P Polarity weights:  0.05 0.31 0.08 0.01 0.03 0.79 0.71
  Total P polarity weight is  1.983   Total number:   7
 +++++++++++++++++++++++++++++++++++++++++++++++++++++++++++++++++++++++++++++

     Dip,Strike,Rake     77.76    78.91   -54.06
     Dip,Strike,Rake     37.70   185.21  -159.71   Auxiliary Plane
     Lower Hem. Trend, Plunge of A,N     95.21    52.30   348.91    12.24
     Lower Hem. Trend, Plunge of P,T     24.98    45.19   141.85    24.18
     B trend, B plunge, Angle:  250.17  35.00 105.00

 P Polarity error at  TQTN CPO  PDTN BENN SHTN PWLA MOTN HWV  VWV 
 P Polarity weights:  0.02 0.24 0.02 0.02 0.00 0.00 0.00 0.80 0.72
  Total P polarity weight is  1.818   Total number:   9
 +++++++++++++++++++++++++++++++++++++++++++++++++++++++++++++++++++++++++++++

     Dip,Strike,Rake     73.73    81.96   -53.31
     Dip,Strike,Rake     39.67   192.57  -153.97   Auxiliary Plane
     Lower Hem. Trend, Plunge of A,N    102.57    50.33   351.96    16.27
     Lower Hem. Trend, Plunge of P,T     31.06    47.94   145.20    20.25
     B trend, B plunge, Angle:  250.17  35.00 110.00

 P Polarity error at  TKL  CPO  SHTN HWV  VWV 
 P Polarity weights:  0.00 0.21 0.02 0.87 0.81
  Total P polarity weight is  1.899   Total number:   5
 +++++++++++++++++++++++++++++++++++++++++++++++++++++++++++++++++++++++++++++

     Dip,Strike,Rake     85.91    79.14   -54.90
     Dip,Strike,Rake     35.31   174.94  -172.90   Auxiliary Plane
     Lower Hem. Trend, Plunge of A,N     84.94    54.69   349.14     4.09
     Lower Hem. Trend, Plunge of P,T     20.63    38.87   140.57    31.77
     B trend, B plunge, Angle:  256.27  35.00  95.00

 P Polarity error at  TKL  TQTN CPO  BENN MSAL PWLA MOTN HWV  VWV 
 P Polarity weights:  0.02 0.09 0.20 0.18 0.01 0.00 0.07 0.71 0.62
  Total P polarity weight is  1.886   Total number:   9
 +++++++++++++++++++++++++++++++++++++++++++++++++++++++++++++++++++++++++++++

     Dip,Strike,Rake     81.82    82.05   -54.59
     Dip,Strike,Rake     36.22   183.36  -166.07   Auxiliary Plane
     Lower Hem. Trend, Plunge of A,N     93.36    53.78   352.05     8.18
     Lower Hem. Trend, Plunge of P,T     25.59    42.15   144.39    28.02
     B trend, B plunge, Angle:  256.27  35.00 100.00

 P Polarity error at  TKL  CPO  BENN MSAL PWLA MOTN HWV  VWV 
 P Polarity weights:  0.03 0.17 0.02 0.01 0.00 0.03 0.81 0.73
  Total P polarity weight is  1.795   Total number:   8
 +++++++++++++++++++++++++++++++++++++++++++++++++++++++++++++++++++++++++++++

     Dip,Strike,Rake     77.76    85.01   -54.06
     Dip,Strike,Rake     37.70   191.31  -159.71   Auxiliary Plane
     Lower Hem. Trend, Plunge of A,N    101.31    52.30   355.01    12.24
     Lower Hem. Trend, Plunge of P,T     31.08    45.19   147.95    24.18
     B trend, B plunge, Angle:  256.27  35.00 105.00

 P Polarity error at  TKL  CPO  MSAL PWLA HWV  VWV 
 P Polarity weights:  0.04 0.14 0.01 0.00 0.88 0.82
  Total P polarity weight is  1.884   Total number:   6
 +++++++++++++++++++++++++++++++++++++++++++++++++++++++++++++++++++++++++++++

     Dip,Strike,Rake     85.91   259.50    54.90
     Dip,Strike,Rake     35.31   163.70   172.90   Auxiliary Plane
     Lower Hem. Trend, Plunge of A,N     73.70    54.69   169.50     4.09
     Lower Hem. Trend, Plunge of P,T     18.07    31.77   138.02    38.87
     B trend, B plunge, Angle:  262.37  35.00  85.00

 P Polarity error at  TKL  TQTN BBG  CPO  BENN MSAL PKNC MOTN HWV  VWV 
 P Polarity weights:  0.05 0.16 0.01 0.16 0.33 0.01 0.04 0.09 0.60 0.49
  Total P polarity weight is  1.929   Total number:  10
 +++++++++++++++++++++++++++++++++++++++++++++++++++++++++++++++++++++++++++++

     Dip,Strike,Rake     90.00   262.37    55.00
     Dip,Strike,Rake     35.00   172.37  -180.00   Auxiliary Plane
     Lower Hem. Trend, Plunge of A,N     82.37    55.00   352.37     0.00
     Lower Hem. Trend, Plunge of P,T     22.21    35.40   142.54    35.40
     B trend, B plunge, Angle:  262.37  35.00  90.00

 P Polarity error at  TKL  TQTN CPO  BENN MSAL MOTN HWV  VWV 
 P Polarity weights:  0.06 0.04 0.14 0.17 0.01 0.06 0.72 0.62
  Total P polarity weight is  1.829   Total number:   8
 +++++++++++++++++++++++++++++++++++++++++++++++++++++++++++++++++++++++++++++

     Dip,Strike,Rake     85.91    85.25   -54.90
     Dip,Strike,Rake     35.31   181.05  -172.90   Auxiliary Plane
     Lower Hem. Trend, Plunge of A,N     91.05    54.69   355.25     4.09
     Lower Hem. Trend, Plunge of P,T     26.73    38.87   146.67    31.77
     B trend, B plunge, Angle:  262.37  35.00  95.00

 P Polarity error at  TKL  CPO  BENN MSAL MOTN HWV  VWV 
 P Polarity weights:  0.07 0.11 0.02 0.02 0.04 0.82 0.73
  Total P polarity weight is  1.802   Total number:   7
 +++++++++++++++++++++++++++++++++++++++++++++++++++++++++++++++++++++++++++++

     Dip,Strike,Rake     81.82    88.15   -54.59
     Dip,Strike,Rake     36.22   189.46  -166.07   Auxiliary Plane
     Lower Hem. Trend, Plunge of A,N     99.46    53.78   358.15     8.18
     Lower Hem. Trend, Plunge of P,T     31.70    42.15   150.49    28.02
     B trend, B plunge, Angle:  262.37  35.00 100.00

 P Polarity error at  TKL  CPO  MSAL MOTN HWV  VWV 
 P Polarity weights:  0.08 0.08 0.02 0.02 0.89 0.82
  Total P polarity weight is  1.904   Total number:   6
 +++++++++++++++++++++++++++++++++++++++++++++++++++++++++++++++++++++++++++++

     Dip,Strike,Rake     81.82   262.70    54.59
     Dip,Strike,Rake     36.22   161.39   166.07   Auxiliary Plane
     Lower Hem. Trend, Plunge of A,N     71.39    53.78   172.70     8.18
     Lower Hem. Trend, Plunge of P,T     20.36    28.02   139.15    42.15
     B trend, B plunge, Angle:  268.47  35.00  80.00

 P Polarity error at  TKL  TQTN BBG  CPO  BENN MSAL SHTN PKNC MOTN HWV  VWV 
 P Polarity weights:  0.09 0.11 0.05 0.11 0.32 0.01 0.00 0.04 0.06 0.59 0.48
  Total P polarity weight is  1.873   Total number:  11
 +++++++++++++++++++++++++++++++++++++++++++++++++++++++++++++++++++++++++++++

     Dip,Strike,Rake     85.91   265.60    54.90
     Dip,Strike,Rake     35.31   169.80   172.90   Auxiliary Plane
     Lower Hem. Trend, Plunge of A,N     79.80    54.69   175.60     4.09
     Lower Hem. Trend, Plunge of P,T     24.18    31.77   144.12    38.87
     B trend, B plunge, Angle:  268.47  35.00  85.00

 P Polarity error at  TKL  CPO  BENN MSAL SHTN MOTN HWV  VWV 
 P Polarity weights:  0.10 0.08 0.17 0.02 0.00 0.05 0.72 0.62
  Total P polarity weight is  1.759   Total number:   8
 +++++++++++++++++++++++++++++++++++++++++++++++++++++++++++++++++++++++++++++

     Dip,Strike,Rake     90.00   268.47    55.00
     Dip,Strike,Rake     35.00   178.47  -180.00   Auxiliary Plane
     Lower Hem. Trend, Plunge of A,N     88.47    55.00   358.47     0.00
     Lower Hem. Trend, Plunge of P,T     28.31    35.40   148.64    35.40
     B trend, B plunge, Angle:  268.47  35.00  90.00

 P Polarity error at  TKL  CPO  BENN MSAL SHTN MOTN HWV  VWV 
 P Polarity weights:  0.11 0.05 0.01 0.03 0.00 0.04 0.82 0.74
  Total P polarity weight is  1.794   Total number:   8
 +++++++++++++++++++++++++++++++++++++++++++++++++++++++++++++++++++++++++++++

     Dip,Strike,Rake     85.91    91.35   -54.90
     Dip,Strike,Rake     35.31   187.15  -172.90   Auxiliary Plane
     Lower Hem. Trend, Plunge of A,N     97.15    54.69     1.35     4.09
     Lower Hem. Trend, Plunge of P,T     32.83    38.87   152.77    31.77
     B trend, B plunge, Angle:  268.47  35.00  95.00

 P Polarity error at  TKL  CPO  MSAL SHTN MOTN HWV  VWV 
 P Polarity weights:  0.11 0.02 0.04 0.00 0.02 0.90 0.83
  Total P polarity weight is  1.917   Total number:   7
 +++++++++++++++++++++++++++++++++++++++++++++++++++++++++++++++++++++++++++++

     Dip,Strike,Rake     77.76   265.84    54.06
     Dip,Strike,Rake     37.70   159.54   159.71   Auxiliary Plane
     Lower Hem. Trend, Plunge of A,N     69.54    52.30   175.84    12.24
     Lower Hem. Trend, Plunge of P,T     22.90    24.18   139.76    45.19
     B trend, B plunge, Angle:  274.58  35.00  75.00

 P Polarity error at  TKL  TQTN BBG  ONTN CPO  BENN SHTN PKNC PWLA MOTN HWV 
 P Polarity weights:  0.14 0.07 0.07 0.03 0.06 0.32 0.00 0.04 0.00 0.04 0.58
                      VWV 
                      0.47
  Total P polarity weight is  1.832   Total number:  12
 +++++++++++++++++++++++++++++++++++++++++++++++++++++++++++++++++++++++++++++

     Dip,Strike,Rake     81.82   268.80    54.59
     Dip,Strike,Rake     36.22   167.49   166.07   Auxiliary Plane
     Lower Hem. Trend, Plunge of A,N     77.49    53.78   178.80     8.18
     Lower Hem. Trend, Plunge of P,T     26.46    28.02   145.25    42.15
     B trend, B plunge, Angle:  274.58  35.00  80.00

 P Polarity error at  TKL  CPO  BENN MSAL SHTN MOTN HWV  VWV 
 P Polarity weights:  0.15 0.03 0.17 0.01 0.00 0.04 0.71 0.61
  Total P polarity weight is  1.714   Total number:   8
 +++++++++++++++++++++++++++++++++++++++++++++++++++++++++++++++++++++++++++++

     Dip,Strike,Rake     85.91   271.70    54.90
     Dip,Strike,Rake     35.31   175.90   172.90   Auxiliary Plane
     Lower Hem. Trend, Plunge of A,N     85.90    54.69   181.70     4.09
     Lower Hem. Trend, Plunge of P,T     30.28    31.77   150.22    38.87
     B trend, B plunge, Angle:  274.58  35.00  85.00

 P Polarity error at  TKL  BENN MSAL SHTN MOTN HWV  VWV 
 P Polarity weights:  0.15 0.01 0.03 0.01 0.03 0.81 0.74
  Total P polarity weight is  1.776   Total number:   7
 +++++++++++++++++++++++++++++++++++++++++++++++++++++++++++++++++++++++++++++

     Dip,Strike,Rake     90.00   274.58    55.00
     Dip,Strike,Rake     35.00   184.58   180.00   Auxiliary Plane
     Lower Hem. Trend, Plunge of A,N     94.58    55.00     4.58     0.00
     Lower Hem. Trend, Plunge of P,T     34.41    35.40   154.74    35.40
     B trend, B plunge, Angle:  274.58  35.00  90.00

 P Polarity error at  TKL  MSAL SHTN MOTN HWV  VWV 
 P Polarity weights:  0.15 0.05 0.01 0.02 0.90 0.83
  Total P polarity weight is  1.956   Total number:   6
 +++++++++++++++++++++++++++++++++++++++++++++++++++++++++++++++++++++++++++++

     Dip,Strike,Rake     73.73   268.89    53.31
     Dip,Strike,Rake     39.67   158.28   153.97   Auxiliary Plane
     Lower Hem. Trend, Plunge of A,N     68.28    50.33   178.89    16.27
     Lower Hem. Trend, Plunge of P,T     25.65    20.25   139.79    47.94
     B trend, B plunge, Angle:  280.68  35.00  70.00

 P Polarity error at  TKL  TQTN BBG  ONTN CPO  BENN PKNC PWLA MOTN HWV  VWV 
 P Polarity weights:  0.20 0.03 0.08 0.07 0.00 0.32 0.05 0.02 0.02 0.56 0.46
  Total P polarity weight is  1.804   Total number:  11
 +++++++++++++++++++++++++++++++++++++++++++++++++++++++++++++++++++++++++++++

     Dip,Strike,Rake     77.76   271.94    54.06
     Dip,Strike,Rake     37.70   165.64   159.71   Auxiliary Plane
     Lower Hem. Trend, Plunge of A,N     75.64    52.30   181.94    12.24
     Lower Hem. Trend, Plunge of P,T     29.00    24.18   145.87    45.19
     B trend, B plunge, Angle:  280.68  35.00  75.00

 P Polarity error at  TKL  BENN PWLA MOTN HWV  VWV 
 P Polarity weights:  0.21 0.17 0.01 0.02 0.69 0.60
  Total P polarity weight is  1.685   Total number:   6
 +++++++++++++++++++++++++++++++++++++++++++++++++++++++++++++++++++++++++++++

     Dip,Strike,Rake     81.82   274.90    54.59
     Dip,Strike,Rake     36.22   173.59   166.07   Auxiliary Plane
     Lower Hem. Trend, Plunge of A,N     83.59    53.78   184.90     8.18
     Lower Hem. Trend, Plunge of P,T     32.56    28.02   151.36    42.15
     B trend, B plunge, Angle:  280.68  35.00  80.00

 P Polarity error at  TKL  BENN MSAL SHTN MOTN HWV  VWV 
 P Polarity weights:  0.20 0.01 0.02 0.01 0.02 0.80 0.73
  Total P polarity weight is  1.782   Total number:   7
 +++++++++++++++++++++++++++++++++++++++++++++++++++++++++++++++++++++++++++++

     Dip,Strike,Rake     85.91   277.81    54.90
     Dip,Strike,Rake     35.31   182.01   172.90   Auxiliary Plane
     Lower Hem. Trend, Plunge of A,N     92.01    54.69   187.81     4.09
     Lower Hem. Trend, Plunge of P,T     36.38    31.77   156.32    38.87
     B trend, B plunge, Angle:  280.68  35.00  85.00

 P Polarity error at  TKL  MSAL SHTN MOTN HWV  VWV 
 P Polarity weights:  0.19 0.05 0.01 0.01 0.89 0.83
  Total P polarity weight is  1.989   Total number:   6
 +++++++++++++++++++++++++++++++++++++++++++++++++++++++++++++++++++++++++++++

     Dip,Strike,Rake     69.75   271.81    52.31
     Dip,Strike,Rake     42.06   157.67   148.89   Auxiliary Plane
     Lower Hem. Trend, Plunge of A,N     67.67    47.94   181.81    20.25
     Lower Hem. Trend, Plunge of P,T     28.57    16.27   139.18    50.33
     B trend, B plunge, Angle:  286.78  35.00  65.00

 P Polarity error at  TKL  BBG  ONTN BENN PKNC PWLA MOTN HWV  VWV 
 P Polarity weights:  0.27 0.08 0.10 0.32 0.06 0.05 0.00 0.52 0.43
  Total P polarity weight is  1.834   Total number:   9
 +++++++++++++++++++++++++++++++++++++++++++++++++++++++++++++++++++++++++++++

     Dip,Strike,Rake     73.73   274.99    53.31
     Dip,Strike,Rake     39.67   164.38   153.97   Auxiliary Plane
     Lower Hem. Trend, Plunge of A,N     74.38    50.33   184.99    16.27
     Lower Hem. Trend, Plunge of P,T     31.75    20.25   145.89    47.94
     B trend, B plunge, Angle:  286.78  35.00  70.00

 P Polarity error at  TKL  BENN PWLA MOTN HWV  VWV 
 P Polarity weights:  0.27 0.17 0.03 0.00 0.66 0.58
  Total P polarity weight is  1.714   Total number:   6
 +++++++++++++++++++++++++++++++++++++++++++++++++++++++++++++++++++++++++++++

     Dip,Strike,Rake     77.76   278.04    54.06
     Dip,Strike,Rake     37.70   171.74   159.71   Auxiliary Plane
     Lower Hem. Trend, Plunge of A,N     81.74    52.30   188.04    12.24
     Lower Hem. Trend, Plunge of P,T     35.10    24.18   151.97    45.19
     B trend, B plunge, Angle:  286.78  35.00  75.00

 P Polarity error at  TKL  BENN PWLA MOTN HWV  VWV 
 P Polarity weights:  0.26 0.01 0.01 0.00 0.78 0.71
  Total P polarity weight is  1.775   Total number:   6
 +++++++++++++++++++++++++++++++++++++++++++++++++++++++++++++++++++++++++++++

     Dip,Strike,Rake     81.82   281.00    54.59
     Dip,Strike,Rake     36.22   179.69   166.07   Auxiliary Plane
     Lower Hem. Trend, Plunge of A,N     89.69    53.78   191.00     8.18
     Lower Hem. Trend, Plunge of P,T     38.66    28.02   157.46    42.15
     B trend, B plunge, Angle:  286.78  35.00  80.00

 P Polarity error at  TKL  ABTN MSAL SHTN MOTN HWV  VWV 
 P Polarity weights:  0.25 0.01 0.04 0.01 0.00 0.88 0.82
  Total P polarity weight is  1.998   Total number:   7
 +++++++++++++++++++++++++++++++++++++++++++++++++++++++++++++++++++++++++++++

     Dip,Strike,Rake     65.82   274.56    51.04
     Dip,Strike,Rake     44.81   157.69   144.47   Auxiliary Plane
     Lower Hem. Trend, Plunge of A,N     67.69    45.19   184.56    24.18
     Lower Hem. Trend, Plunge of P,T     31.62    12.24   137.92    52.30
     B trend, B plunge, Angle:  292.88  35.00  60.00

 P Polarity error at  TKL  BBG  ONTN BENN PKNC PWLA HWV  VWV 
 P Polarity weights:  0.35 0.06 0.12 0.33 0.08 0.10 0.48 0.39
  Total P polarity weight is  1.901   Total number:   8
 +++++++++++++++++++++++++++++++++++++++++++++++++++++++++++++++++++++++++++++

     Dip,Strike,Rake     69.75   277.91    52.31
     Dip,Strike,Rake     42.06   163.77   148.89   Auxiliary Plane
     Lower Hem. Trend, Plunge of A,N     73.77    47.94   187.91    20.25
     Lower Hem. Trend, Plunge of P,T     34.67    16.27   145.28    50.33
     B trend, B plunge, Angle:  292.88  35.00  65.00

 P Polarity error at  TKL  BENN PWLA HWV  VWV 
 P Polarity weights:  0.35 0.18 0.07 0.62 0.54
  Total P polarity weight is  1.761   Total number:   5
 +++++++++++++++++++++++++++++++++++++++++++++++++++++++++++++++++++++++++++++

     Dip,Strike,Rake     73.73   281.09    53.31
     Dip,Strike,Rake     39.67   170.48   153.97   Auxiliary Plane
     Lower Hem. Trend, Plunge of A,N     80.48    50.33   191.09    16.27
     Lower Hem. Trend, Plunge of P,T     37.86    20.25   151.99    47.94
     B trend, B plunge, Angle:  292.88  35.00  70.00

 P Polarity error at  TKL  ABTN BENN PWLA HWV  VWV 
 P Polarity weights:  0.33 0.03 0.02 0.04 0.75 0.68
  Total P polarity weight is  1.848   Total number:   6
 +++++++++++++++++++++++++++++++++++++++++++++++++++++++++++++++++++++++++++++

     Dip,Strike,Rake     61.98   277.10    49.48
     Dip,Strike,Rake     47.85   158.31   140.68   Auxiliary Plane
     Lower Hem. Trend, Plunge of A,N     68.31    42.15   187.10    28.02
     Lower Hem. Trend, Plunge of P,T     34.76     8.18   136.07    53.78
     B trend, B plunge, Angle:  298.98  35.00  55.00

 P Polarity error at  TKL  BBG  ONTN ABTN GFM  BENN PKNC PWLA MOTN HWV  VWV 
 P Polarity weights:  0.43 0.03 0.12 0.01 0.01 0.35 0.10 0.17 0.01 0.42 0.34
  Total P polarity weight is  1.991   Total number:  11
 +++++++++++++++++++++++++++++++++++++++++++++++++++++++++++++++++++++++++++++

     Dip,Strike,Rake     65.82   280.66    51.04
     Dip,Strike,Rake     44.81   163.80   144.47   Auxiliary Plane
     Lower Hem. Trend, Plunge of A,N     73.80    45.19   190.66    24.18
     Lower Hem. Trend, Plunge of P,T     37.72    12.24   144.02    52.30
     B trend, B plunge, Angle:  298.98  35.00  60.00

 P Polarity error at  TKL  ABTN BENN PWLA MOTN HWV  VWV 
 P Polarity weights:  0.43 0.05 0.19 0.13 0.01 0.57 0.50
  Total P polarity weight is  1.873   Total number:   7
 +++++++++++++++++++++++++++++++++++++++++++++++++++++++++++++++++++++++++++++

     Dip,Strike,Rake     69.75   284.01    52.31
     Dip,Strike,Rake     42.06   169.87   148.89   Auxiliary Plane
     Lower Hem. Trend, Plunge of A,N     79.87    47.94   194.01    20.25
     Lower Hem. Trend, Plunge of P,T     40.78    16.27   151.38    50.33
     B trend, B plunge, Angle:  298.98  35.00  65.00

 P Polarity error at  TKL  ABTN BENN PWLA MOTN HWV  VWV 
 P Polarity weights:  0.41 0.09 0.03 0.09 0.00 0.70 0.64
  Total P polarity weight is  1.964   Total number:   7
 +++++++++++++++++++++++++++++++++++++++++++++++++++++++++++++++++++++++++++++

     Dip,Strike,Rake     78.56    78.50   -49.02
     Dip,Strike,Rake     42.27   181.36  -162.86   Auxiliary Plane
     Lower Hem. Trend, Plunge of A,N     91.36    47.73   348.50    11.44
     Lower Hem. Trend, Plunge of P,T     26.80    41.56   138.37    22.52
     B trend, B plunge, Angle:  248.73  40.00 105.00

 P Polarity error at  TQTN CPO  PDTN BENN MSAL SHTN HWV  VWV 
 P Polarity weights:  0.04 0.28 0.03 0.05 0.00 0.05 0.81 0.72
  Total P polarity weight is  1.962   Total number:   8
 +++++++++++++++++++++++++++++++++++++++++++++++++++++++++++++++++++++++++++++

     Dip,Strike,Rake     86.17    78.49   -49.89
     Dip,Strike,Rake     40.26   173.02  -174.07   Auxiliary Plane
     Lower Hem. Trend, Plunge of A,N     83.02    49.74   348.49     3.83
     Lower Hem. Trend, Plunge of P,T     22.73    35.93   136.93    29.50
     B trend, B plunge, Angle:  255.27  40.00  95.00

 P Polarity error at  TKL  TQTN CPO  PDTN BENN SHTN HWV  VWV 
 P Polarity weights:  0.01 0.12 0.24 0.00 0.20 0.02 0.71 0.61
  Total P polarity weight is  1.923   Total number:   8
 +++++++++++++++++++++++++++++++++++++++++++++++++++++++++++++++++++++++++++++

     Dip,Strike,Rake     82.36    81.74   -49.57
     Dip,Strike,Rake     41.03   180.61  -168.31   Auxiliary Plane
     Lower Hem. Trend, Plunge of A,N     90.61    48.97   351.74     7.64
     Lower Hem. Trend, Plunge of P,T     27.82    38.87   141.04    26.06
     B trend, B plunge, Angle:  255.27  40.00 100.00

 P Polarity error at  TKL  CPO  BENN SHTN HWV  VWV 
 P Polarity weights:  0.04 0.20 0.04 0.02 0.82 0.73
  Total P polarity weight is  1.850   Total number:   6
 +++++++++++++++++++++++++++++++++++++++++++++++++++++++++++++++++++++++++++++

     Dip,Strike,Rake     78.56    85.05   -49.02
     Dip,Strike,Rake     42.27   187.90  -162.86   Auxiliary Plane
     Lower Hem. Trend, Plunge of A,N     97.90    47.73   355.05    11.44
     Lower Hem. Trend, Plunge of P,T     33.34    41.56   144.91    22.52
     B trend, B plunge, Angle:  255.27  40.00 105.00

 P Polarity error at  TKL  CPO  SHTN HWV  VWV 
 P Polarity weights:  0.06 0.16 0.03 0.89 0.83
  Total P polarity weight is  1.969   Total number:   5
 +++++++++++++++++++++++++++++++++++++++++++++++++++++++++++++++++++++++++++++

     Dip,Strike,Rake     86.17   258.60    49.89
     Dip,Strike,Rake     40.26   164.07   174.07   Auxiliary Plane
     Lower Hem. Trend, Plunge of A,N     74.07    49.74   168.60     3.83
     Lower Hem. Trend, Plunge of P,T     20.16    29.50   134.36    35.93
     B trend, B plunge, Angle:  261.82  40.00  85.00

 P Polarity error at  TKL  TQTN CPO  BENN SHTN PKNC PWLA MOTN HWV  VWV 
 P Polarity weights:  0.05 0.19 0.20 0.35 0.01 0.06 0.00 0.03 0.59 0.48
  Total P polarity weight is  1.972   Total number:  10
 +++++++++++++++++++++++++++++++++++++++++++++++++++++++++++++++++++++++++++++

     Dip,Strike,Rake     90.00   261.82    50.00
     Dip,Strike,Rake     40.00   171.82  -180.00   Auxiliary Plane
     Lower Hem. Trend, Plunge of A,N     81.82    50.00   351.82     0.00
     Lower Hem. Trend, Plunge of P,T     24.55    32.80   139.09    32.80
     B trend, B plunge, Angle:  261.82  40.00  90.00

 P Polarity error at  TKL  TQTN CPO  BENN SHTN PWLA MOTN HWV  VWV 
 P Polarity weights:  0.07 0.06 0.17 0.19 0.01 0.00 0.01 0.72 0.62
  Total P polarity weight is  1.852   Total number:   9
 +++++++++++++++++++++++++++++++++++++++++++++++++++++++++++++++++++++++++++++

     Dip,Strike,Rake     86.17    85.04   -49.89
     Dip,Strike,Rake     40.26   179.57  -174.07   Auxiliary Plane
     Lower Hem. Trend, Plunge of A,N     89.57    49.74   355.04     3.83
     Lower Hem. Trend, Plunge of P,T     29.27    35.93   143.48    29.50
     B trend, B plunge, Angle:  261.82  40.00  95.00

 P Polarity error at  TKL  CPO  BENN SHTN PWLA HWV  VWV 
 P Polarity weights:  0.09 0.13 0.03 0.01 0.00 0.82 0.74
  Total P polarity weight is  1.825   Total number:   7
 +++++++++++++++++++++++++++++++++++++++++++++++++++++++++++++++++++++++++++++

     Dip,Strike,Rake     82.36    88.28   -49.57
     Dip,Strike,Rake     41.03   187.16  -168.31   Auxiliary Plane
     Lower Hem. Trend, Plunge of A,N     97.16    48.97   358.28     7.64
     Lower Hem. Trend, Plunge of P,T     34.37    38.87   147.59    26.06
     B trend, B plunge, Angle:  261.82  40.00 100.00

 P Polarity error at  TKL  CPO  SHTN PWLA HWV  VWV 
 P Polarity weights:  0.10 0.09 0.01 0.00 0.90 0.84
  Total P polarity weight is  1.947   Total number:   6
 +++++++++++++++++++++++++++++++++++++++++++++++++++++++++++++++++++++++++++++

     Dip,Strike,Rake     82.36   261.90    49.57
     Dip,Strike,Rake     41.03   163.02   168.31   Auxiliary Plane
     Lower Hem. Trend, Plunge of A,N     73.02    48.97   171.90     7.64
     Lower Hem. Trend, Plunge of P,T     22.60    26.06   135.81    38.87
     B trend, B plunge, Angle:  268.36  40.00  80.00

 P Polarity error at  TKL  TQTN CPO  BENN SHTN PKNC PWLA MOTN HWV  VWV 
 P Polarity weights:  0.10 0.14 0.14 0.34 0.00 0.05 0.01 0.02 0.59 0.49
  Total P polarity weight is  1.888   Total number:  10
 +++++++++++++++++++++++++++++++++++++++++++++++++++++++++++++++++++++++++++++

     Dip,Strike,Rake     86.17   265.14    49.89
     Dip,Strike,Rake     40.26   170.61   174.07   Auxiliary Plane
     Lower Hem. Trend, Plunge of A,N     80.61    49.74   175.14     3.83
     Lower Hem. Trend, Plunge of P,T     26.70    29.50   140.91    35.93
     B trend, B plunge, Angle:  268.36  40.00  85.00

 P Polarity error at  TKL  TQTN CPO  BENN PWLA MOTN HWV  VWV 
 P Polarity weights:  0.12 0.01 0.10 0.18 0.01 0.01 0.72 0.63
  Total P polarity weight is  1.781   Total number:   8
 +++++++++++++++++++++++++++++++++++++++++++++++++++++++++++++++++++++++++++++

     Dip,Strike,Rake     90.00   268.36    50.00
     Dip,Strike,Rake     40.00   178.36  -180.00   Auxiliary Plane
     Lower Hem. Trend, Plunge of A,N     88.36    50.00   358.36     0.00
     Lower Hem. Trend, Plunge of P,T     31.10    32.80   145.63    32.80
     B trend, B plunge, Angle:  268.36  40.00  90.00

 P Polarity error at  TKL  CPO  BENN PWLA HWV  VWV 
 P Polarity weights:  0.14 0.06 0.02 0.01 0.83 0.75
  Total P polarity weight is  1.805   Total number:   6
 +++++++++++++++++++++++++++++++++++++++++++++++++++++++++++++++++++++++++++++

     Dip,Strike,Rake     86.17    91.58   -49.89
     Dip,Strike,Rake     40.26   186.11  -174.07   Auxiliary Plane
     Lower Hem. Trend, Plunge of A,N     96.11    49.74     1.58     3.83
     Lower Hem. Trend, Plunge of P,T     35.82    35.93   150.02    29.50
     B trend, B plunge, Angle:  268.36  40.00  95.00

 P Polarity error at  TKL  CPO  PWLA HWV  VWV 
 P Polarity weights:  0.15 0.02 0.01 0.91 0.85
  Total P polarity weight is  1.934   Total number:   5
 +++++++++++++++++++++++++++++++++++++++++++++++++++++++++++++++++++++++++++++

     Dip,Strike,Rake     78.56   265.14    49.02
     Dip,Strike,Rake     42.27   162.28   162.86   Auxiliary Plane
     Lower Hem. Trend, Plunge of A,N     72.28    47.73   175.14    11.44
     Lower Hem. Trend, Plunge of P,T     25.27    22.52   136.84    41.56
     B trend, B plunge, Angle:  274.91  40.00  75.00

 P Polarity error at  TKL  TQTN ONTN CPO  BENN PKNC PWLA MOTN HWV  VWV 
 P Polarity weights:  0.17 0.09 0.00 0.08 0.33 0.04 0.03 0.01 0.59 0.48
  Total P polarity weight is  1.815   Total number:  10
 +++++++++++++++++++++++++++++++++++++++++++++++++++++++++++++++++++++++++++++

     Dip,Strike,Rake     82.36   268.44    49.57
     Dip,Strike,Rake     41.03   169.57   168.31   Auxiliary Plane
     Lower Hem. Trend, Plunge of A,N     79.57    48.97   178.44     7.64
     Lower Hem. Trend, Plunge of P,T     29.14    26.06   142.36    38.87
     B trend, B plunge, Angle:  274.91  40.00  80.00

 P Polarity error at  TKL  CPO  BENN PWLA MOTN HWV  VWV 
 P Polarity weights:  0.18 0.04 0.17 0.03 0.00 0.72 0.62
  Total P polarity weight is  1.759   Total number:   7
 +++++++++++++++++++++++++++++++++++++++++++++++++++++++++++++++++++++++++++++

     Dip,Strike,Rake     86.17   271.69    49.89
     Dip,Strike,Rake     40.26   177.16   174.07   Auxiliary Plane
     Lower Hem. Trend, Plunge of A,N     87.16    49.74   181.69     3.83
     Lower Hem. Trend, Plunge of P,T     33.25    29.50   147.46    35.93
     B trend, B plunge, Angle:  274.91  40.00  85.00

 P Polarity error at  TKL  BENN PWLA HWV  VWV 
 P Polarity weights:  0.19 0.01 0.02 0.83 0.75
  Total P polarity weight is  1.795   Total number:   5
 +++++++++++++++++++++++++++++++++++++++++++++++++++++++++++++++++++++++++++++

     Dip,Strike,Rake     90.00   274.91    50.00
     Dip,Strike,Rake     40.00   184.91   180.00   Auxiliary Plane
     Lower Hem. Trend, Plunge of A,N     94.91    50.00     4.91     0.00
     Lower Hem. Trend, Plunge of P,T     37.64    32.80   152.18    32.80
     B trend, B plunge, Angle:  274.91  40.00  90.00

 P Polarity error at  TKL  PWLA HWV  VWV 
 P Polarity weights:  0.20 0.01 0.91 0.85
  Total P polarity weight is  1.974   Total number:   4
 +++++++++++++++++++++++++++++++++++++++++++++++++++++++++++++++++++++++++++++

     Dip,Strike,Rake     74.81   268.29    48.24
     Dip,Strike,Rake     43.96   161.93   157.82   Auxiliary Plane
     Lower Hem. Trend, Plunge of A,N     71.93    46.04   178.29    15.19
     Lower Hem. Trend, Plunge of P,T     28.14    18.89   137.41    43.97
     B trend, B plunge, Angle:  281.45  40.00  70.00

 P Polarity error at  TKL  TQTN ONTN CPO  BENN PKNC PWLA HWV  VWV 
 P Polarity weights:  0.23 0.04 0.02 0.02 0.32 0.04 0.06 0.57 0.47
  Total P polarity weight is  1.769   Total number:   9
 +++++++++++++++++++++++++++++++++++++++++++++++++++++++++++++++++++++++++++++

     Dip,Strike,Rake     78.56   271.68    49.02
     Dip,Strike,Rake     42.27   168.83   162.86   Auxiliary Plane
     Lower Hem. Trend, Plunge of A,N     78.83    47.73   181.68    11.44
     Lower Hem. Trend, Plunge of P,T     31.82    22.52   143.38    41.56
     B trend, B plunge, Angle:  281.45  40.00  75.00

 P Polarity error at  TKL  BENN PWLA HWV  VWV 
 P Polarity weights:  0.25 0.16 0.05 0.70 0.62
  Total P polarity weight is  1.777   Total number:   5
 +++++++++++++++++++++++++++++++++++++++++++++++++++++++++++++++++++++++++++++

     Dip,Strike,Rake     82.36   274.99    49.57
     Dip,Strike,Rake     41.03   176.11   168.31   Auxiliary Plane
     Lower Hem. Trend, Plunge of A,N     86.11    48.97   184.99     7.64
     Lower Hem. Trend, Plunge of P,T     35.69    26.06   148.90    38.87
     B trend, B plunge, Angle:  281.45  40.00  80.00

 P Polarity error at  TKL  PWLA HWV  VWV 
 P Polarity weights:  0.25 0.04 0.82 0.74
  Total P polarity weight is  1.850   Total number:   4
 +++++++++++++++++++++++++++++++++++++++++++++++++++++++++++++++++++++++++++++

     Dip,Strike,Rake     71.11   271.31    47.21
     Dip,Strike,Rake     46.03   162.04   153.27   Auxiliary Plane
     Lower Hem. Trend, Plunge of A,N     72.04    43.97   181.31    18.89
     Lower Hem. Trend, Plunge of P,T     31.17    15.19   137.52    46.04
     B trend, B plunge, Angle:  288.00  40.00  65.00

 P Polarity error at  TKL  ONTN BENN PKNC PWLA HWV  VWV 
 P Polarity weights:  0.31 0.03 0.32 0.04 0.10 0.54 0.45
  Total P polarity weight is  1.788   Total number:   7
 +++++++++++++++++++++++++++++++++++++++++++++++++++++++++++++++++++++++++++++

     Dip,Strike,Rake     74.81   274.83    48.24
     Dip,Strike,Rake     43.96   168.48   157.82   Auxiliary Plane
     Lower Hem. Trend, Plunge of A,N     78.48    46.04   184.83    15.19
     Lower Hem. Trend, Plunge of P,T     34.69    18.89   143.96    43.97
     B trend, B plunge, Angle:  288.00  40.00  70.00

 P Polarity error at  TKL  BENN PWLA HWV  VWV 
 P Polarity weights:  0.32 0.16 0.08 0.68 0.60
  Total P polarity weight is  1.837   Total number:   5
 +++++++++++++++++++++++++++++++++++++++++++++++++++++++++++++++++++++++++++++

     Dip,Strike,Rake     78.56   278.23    49.02
     Dip,Strike,Rake     42.27   175.37   162.86   Auxiliary Plane
     Lower Hem. Trend, Plunge of A,N     85.37    47.73   188.23    11.44
     Lower Hem. Trend, Plunge of P,T     38.36    22.52   149.93    41.56
     B trend, B plunge, Angle:  288.00  40.00  75.00

 P Polarity error at  TKL  PWLA HWV  VWV 
 P Polarity weights:  0.32 0.06 0.80 0.73
  Total P polarity weight is  1.910   Total number:   4
 +++++++++++++++++++++++++++++++++++++++++++++++++++++++++++++++++++++++++++++

     Dip,Strike,Rake     67.48   274.18    45.90
     Dip,Strike,Rake     48.44   162.62   149.21   Auxiliary Plane
     Lower Hem. Trend, Plunge of A,N     72.62    41.56   184.18    22.52
     Lower Hem. Trend, Plunge of P,T     34.32    11.44   137.17    47.73
     B trend, B plunge, Angle:  294.55  40.00  60.00

 P Polarity error at  TKL  ONTN BENN PKNC PWLA MOTN HWV  VWV 
 P Polarity weights:  0.39 0.02 0.32 0.05 0.15 0.00 0.51 0.42
  Total P polarity weight is  1.868   Total number:   8
 +++++++++++++++++++++++++++++++++++++++++++++++++++++++++++++++++++++++++++++

     Dip,Strike,Rake     71.11   277.86    47.21
     Dip,Strike,Rake     46.03   168.59   153.27   Auxiliary Plane
     Lower Hem. Trend, Plunge of A,N     78.59    43.97   187.86    18.89
     Lower Hem. Trend, Plunge of P,T     37.71    15.19   144.07    46.04
     B trend, B plunge, Angle:  294.55  40.00  65.00

 P Polarity error at  TKL  BENN PWLA MOTN HWV  VWV 
 P Polarity weights:  0.40 0.15 0.13 0.01 0.65 0.57
  Total P polarity weight is  1.905   Total number:   6
 +++++++++++++++++++++++++++++++++++++++++++++++++++++++++++++++++++++++++++++

     Dip,Strike,Rake     63.94   276.86    44.31
     Dip,Strike,Rake     51.13   163.64   145.64   Auxiliary Plane
     Lower Hem. Trend, Plunge of A,N     73.64    38.87   186.86    26.06
     Lower Hem. Trend, Plunge of P,T     37.56     7.64   136.43    48.97
     B trend, B plunge, Angle:  301.09  40.00  55.00

 P Polarity error at  TKL  ONTN BENN PKNC PWLA MOTN HWV  VWV 
 P Polarity weights:  0.47 0.01 0.33 0.06 0.22 0.02 0.46 0.38
  Total P polarity weight is  1.963   Total number:   8
 +++++++++++++++++++++++++++++++++++++++++++++++++++++++++++++++++++++++++++++

     Dip,Strike,Rake     82.95    81.22   -44.56
     Dip,Strike,Rake     45.86   178.12  -170.15   Auxiliary Plane
     Lower Hem. Trend, Plunge of A,N     88.12    44.14   351.22     7.05
     Lower Hem. Trend, Plunge of P,T     29.40    35.40   137.78    23.93
     B trend, B plunge, Angle:  254.12  45.00 100.00

 P Polarity error at  TKL  TQTN CPO  BENN SHTN HWV  VWV 
 P Polarity weights:  0.04 0.01 0.24 0.07 0.05 0.81 0.73
  Total P polarity weight is  1.941   Total number:   7
 +++++++++++++++++++++++++++++++++++++++++++++++++++++++++++++++++++++++++++++

     Dip,Strike,Rake     90.00   261.18    45.00
     Dip,Strike,Rake     45.00   171.18  -180.00   Auxiliary Plane
     Lower Hem. Trend, Plunge of A,N     81.18    45.00   351.18     0.00
     Lower Hem. Trend, Plunge of P,T    180.00    90.00   180.00    90.00
     B trend, B plunge, Angle:  261.18  45.00  90.00

 P Polarity error at  TKL  TQTN CPO  BENN SHTN PWLA HWV  VWV 
 P Polarity weights:  0.07 0.08 0.21 0.21 0.03 0.00 0.72 0.62
  Total P polarity weight is  1.937   Total number:   8
 +++++++++++++++++++++++++++++++++++++++++++++++++++++++++++++++++++++++++++++

     Dip,Strike,Rake     86.47    84.72   -44.89
     Dip,Strike,Rake     45.22   178.23  -175.02   Auxiliary Plane
     Lower Hem. Trend, Plunge of A,N     88.23    44.78   354.72     3.53
     Lower Hem. Trend, Plunge of P,T     31.30    32.80   140.49    27.03
     B trend, B plunge, Angle:  261.18  45.00  95.00

 P Polarity error at  TKL  CPO  BENN SHTN PWLA HWV  VWV 
 P Polarity weights:  0.10 0.16 0.04 0.02 0.00 0.82 0.74
  Total P polarity weight is  1.899   Total number:   7
 +++++++++++++++++++++++++++++++++++++++++++++++++++++++++++++++++++++++++++++

     Dip,Strike,Rake     82.95   261.13    44.56
     Dip,Strike,Rake     45.86   164.23   170.15   Auxiliary Plane
     Lower Hem. Trend, Plunge of A,N     74.23    44.14   171.13     7.05
     Lower Hem. Trend, Plunge of P,T     24.58    23.93   132.95    35.40
     B trend, B plunge, Angle:  268.24  45.00  80.00

 P Polarity error at  TKL  TQTN CPO  BENN SHTN PKNC PWLA HWV  VWV 
 P Polarity weights:  0.11 0.16 0.18 0.36 0.01 0.06 0.02 0.59 0.48
  Total P polarity weight is  1.972   Total number:   9
 +++++++++++++++++++++++++++++++++++++++++++++++++++++++++++++++++++++++++++++

     Dip,Strike,Rake     86.47   264.70    44.89
     Dip,Strike,Rake     45.22   171.18   175.02   Auxiliary Plane
     Lower Hem. Trend, Plunge of A,N     81.18    44.78   174.70     3.53
     Lower Hem. Trend, Plunge of P,T     28.92    27.03   138.11    32.80
     B trend, B plunge, Angle:  268.24  45.00  85.00

 P Polarity error at  TKL  TQTN CPO  BENN SHTN PWLA HWV  VWV 
 P Polarity weights:  0.14 0.02 0.13 0.19 0.00 0.03 0.72 0.63
  Total P polarity weight is  1.859   Total number:   8
 +++++++++++++++++++++++++++++++++++++++++++++++++++++++++++++++++++++++++++++

     Dip,Strike,Rake     90.00   268.24    45.00
     Dip,Strike,Rake     45.00   178.24  -180.00   Auxiliary Plane
     Lower Hem. Trend, Plunge of A,N     88.24    45.00   358.24     0.00
     Lower Hem. Trend, Plunge of P,T    180.00    90.00   180.00    90.00
     B trend, B plunge, Angle:  268.24  45.00  90.00

 P Polarity error at  TKL  CPO  BENN PWLA HWV  VWV 
 P Polarity weights:  0.17 0.07 0.02 0.03 0.83 0.75
  Total P polarity weight is  1.876   Total number:   6
 +++++++++++++++++++++++++++++++++++++++++++++++++++++++++++++++++++++++++++++

     Dip,Strike,Rake     79.45   264.57    44.01
     Dip,Strike,Rake     46.92   164.54   165.49   Auxiliary Plane
     Lower Hem. Trend, Plunge of A,N     74.54    43.08   174.57    10.55
     Lower Hem. Trend, Plunge of P,T     27.50    20.70   134.53    37.76
     B trend, B plunge, Angle:  275.29  45.00  75.00

 P Polarity error at  TKL  TQTN CPO  BENN PKNC PWLA HWV  VWV 
 P Polarity weights:  0.19 0.10 0.11 0.33 0.04 0.05 0.59 0.49
  Total P polarity weight is  1.900   Total number:   8
 +++++++++++++++++++++++++++++++++++++++++++++++++++++++++++++++++++++++++++++

     Dip,Strike,Rake     82.95   268.19    44.56
     Dip,Strike,Rake     45.86   171.29   170.15   Auxiliary Plane
     Lower Hem. Trend, Plunge of A,N     81.29    44.14   178.19     7.05
     Lower Hem. Trend, Plunge of P,T     31.64    23.93   140.01    35.40
     B trend, B plunge, Angle:  275.29  45.00  80.00

 P Polarity error at  TKL  CPO  BENN PWLA HWV  VWV 
 P Polarity weights:  0.21 0.05 0.17 0.05 0.72 0.63
  Total P polarity weight is  1.843   Total number:   6
 +++++++++++++++++++++++++++++++++++++++++++++++++++++++++++++++++++++++++++++

     Dip,Strike,Rake     86.47   271.75    44.89
     Dip,Strike,Rake     45.22   178.24   175.02   Auxiliary Plane
     Lower Hem. Trend, Plunge of A,N     88.24    44.78   181.75     3.53
     Lower Hem. Trend, Plunge of P,T     35.98    27.03   145.17    32.80
     B trend, B plunge, Angle:  275.29  45.00  85.00

 P Polarity error at  TKL  PWLA HWV  VWV 
 P Polarity weights:  0.24 0.05 0.83 0.76
  Total P polarity weight is  1.878   Total number:   4
 +++++++++++++++++++++++++++++++++++++++++++++++++++++++++++++++++++++++++++++

     Dip,Strike,Rake     76.00   267.92    43.22
     Dip,Strike,Rake     48.36   165.12   161.12   Auxiliary Plane
     Lower Hem. Trend, Plunge of A,N     75.12    41.64   177.92    14.00
     Lower Hem. Trend, Plunge of P,T     30.60    17.39   135.76    39.86
     B trend, B plunge, Angle:  282.35  45.00  70.00

 P Polarity error at  TKL  TQTN CPO  BENN PKNC PWLA HWV  VWV 
 P Polarity weights:  0.26 0.04 0.03 0.31 0.02 0.09 0.59 0.49
  Total P polarity weight is  1.837   Total number:   8
 +++++++++++++++++++++++++++++++++++++++++++++++++++++++++++++++++++++++++++++

     Dip,Strike,Rake     79.45   271.62    44.01
     Dip,Strike,Rake     46.92   171.60   165.49   Auxiliary Plane
     Lower Hem. Trend, Plunge of A,N     81.60    43.08   181.62    10.55
     Lower Hem. Trend, Plunge of P,T     34.56    20.70   141.58    37.76
     B trend, B plunge, Angle:  282.35  45.00  75.00

 P Polarity error at  TKL  BENN PWLA HWV  VWV 
 P Polarity weights:  0.29 0.15 0.09 0.72 0.63
  Total P polarity weight is  1.873   Total number:   5
 +++++++++++++++++++++++++++++++++++++++++++++++++++++++++++++++++++++++++++++

     Dip,Strike,Rake     82.95   275.25    44.56
     Dip,Strike,Rake     45.86   178.35   170.15   Auxiliary Plane
     Lower Hem. Trend, Plunge of A,N     88.35    44.14   185.25     7.05
     Lower Hem. Trend, Plunge of P,T     38.69    23.93   147.07    35.40
     B trend, B plunge, Angle:  282.35  45.00  80.00

 P Polarity error at  TKL  PWLA HWV  VWV 
 P Polarity weights:  0.30 0.08 0.83 0.76
  Total P polarity weight is  1.969   Total number:   4
 +++++++++++++++++++++++++++++++++++++++++++++++++++++++++++++++++++++++++++++

     Dip,Strike,Rake     72.61   271.16    42.19
     Dip,Strike,Rake     50.14   166.01   157.09   Auxiliary Plane
     Lower Hem. Trend, Plunge of A,N     76.01    39.86   181.16    17.39
     Lower Hem. Trend, Plunge of P,T     33.84    14.00   136.65    41.64
     B trend, B plunge, Angle:  289.41  45.00  65.00

 P Polarity error at  TKL  BENN PKNC PWLA HWV  VWV 
 P Polarity weights:  0.34 0.30 0.01 0.14 0.57 0.48
  Total P polarity weight is  1.845   Total number:   6
 +++++++++++++++++++++++++++++++++++++++++++++++++++++++++++++++++++++++++++++

     Dip,Strike,Rake     76.00   274.98    43.22
     Dip,Strike,Rake     48.36   172.18   161.12   Auxiliary Plane
     Lower Hem. Trend, Plunge of A,N     82.18    41.64   184.98    14.00
     Lower Hem. Trend, Plunge of P,T     37.66    17.39   142.81    39.86
     B trend, B plunge, Angle:  289.41  45.00  70.00

 P Polarity error at  TKL  BENN PWLA HWV  VWV 
 P Polarity weights:  0.37 0.13 0.13 0.70 0.62
  Total P polarity weight is  1.950   Total number:   5
 +++++++++++++++++++++++++++++++++++++++++++++++++++++++++++++++++++++++++++++

     Dip,Strike,Rake     69.30   274.26    40.89
     Dip,Strike,Rake     52.24   167.24   153.43   Auxiliary Plane
     Lower Hem. Trend, Plunge of A,N     77.24    37.76   184.26    20.70
     Lower Hem. Trend, Plunge of P,T     37.20    10.55   137.22    43.08
     B trend, B plunge, Angle:  296.47  45.00  60.00

 P Polarity error at  TKL  BENN PKNC PWLA MOTN HWV  VWV 
 P Polarity weights:  0.43 0.28 0.01 0.20 0.00 0.54 0.46
  Total P polarity weight is  1.931   Total number:   7
 +++++++++++++++++++++++++++++++++++++++++++++++++++++++++++++++++++++++++++++

     Dip,Strike,Rake     86.79    82.10   -39.89
     Dip,Strike,Rake     50.18   174.78  -175.82   Auxiliary Plane
     Lower Hem. Trend, Plunge of A,N     84.78    39.82   352.10     3.21
     Lower Hem. Trend, Plunge of P,T     30.65    29.50   135.53    24.40
     B trend, B plunge, Angle:  258.26  50.00  95.00

 P Polarity error at  TKL  TQTN CPO  BENN SHTN HWV  VWV 
 P Polarity weights:  0.08 0.02 0.23 0.12 0.05 0.78 0.69
  Total P polarity weight is  1.983   Total number:   7
 +++++++++++++++++++++++++++++++++++++++++++++++++++++++++++++++++++++++++++++

     Dip,Strike,Rake     86.79   262.25    39.89
     Dip,Strike,Rake     50.18   169.57   175.82   Auxiliary Plane
     Lower Hem. Trend, Plunge of A,N     79.57    39.82   172.25     3.21
     Lower Hem. Trend, Plunge of P,T     28.82    24.40   133.69    29.50
     B trend, B plunge, Angle:  266.09  50.00  85.00

 P Polarity error at  TKL  TQTN CPO  BENN SHTN PWLA HWV  VWV 
 P Polarity weights:  0.13 0.09 0.20 0.25 0.02 0.02 0.68 0.58
  Total P polarity weight is  1.975   Total number:   8
 +++++++++++++++++++++++++++++++++++++++++++++++++++++++++++++++++++++++++++++

     Dip,Strike,Rake     90.00   266.09    40.00
     Dip,Strike,Rake     50.00   176.09  -180.00   Auxiliary Plane
     Lower Hem. Trend, Plunge of A,N     86.09    40.00   356.09     0.00
     Lower Hem. Trend, Plunge of P,T     33.54    27.03   138.63    27.03
     B trend, B plunge, Angle:  266.09  50.00  90.00

 P Polarity error at  TKL  CPO  BENN SHTN PWLA HWV  VWV 
 P Polarity weights:  0.17 0.13 0.08 0.01 0.03 0.80 0.72
  Total P polarity weight is  1.936   Total number:   7
 +++++++++++++++++++++++++++++++++++++++++++++++++++++++++++++++++++++++++++++

     Dip,Strike,Rake     83.59   266.22    39.57
     Dip,Strike,Rake     50.73   170.95   171.71   Auxiliary Plane
     Lower Hem. Trend, Plunge of A,N     80.95    39.27   176.22     6.41
     Lower Hem. Trend, Plunge of P,T     32.12    21.63   136.34    31.77
     B trend, B plunge, Angle:  273.91  50.00  80.00

 P Polarity error at  TKL  TQTN CPO  BENN PWLA HWV  VWV 
 P Polarity weights:  0.21 0.00 0.10 0.21 0.07 0.70 0.61
  Total P polarity weight is  1.898   Total number:   7
 +++++++++++++++++++++++++++++++++++++++++++++++++++++++++++++++++++++++++++++

     Dip,Strike,Rake     86.79   270.08    39.89
     Dip,Strike,Rake     50.18   177.40   175.82   Auxiliary Plane
     Lower Hem. Trend, Plunge of A,N     87.40    39.82   180.08     3.21
     Lower Hem. Trend, Plunge of P,T     36.65    24.40   141.52    29.50
     B trend, B plunge, Angle:  273.91  50.00  85.00

 P Polarity error at  TKL  CPO  BENN PWLA HWV  VWV 
 P Polarity weights:  0.25 0.03 0.04 0.07 0.81 0.73
  Total P polarity weight is  1.934   Total number:   6
 +++++++++++++++++++++++++++++++++++++++++++++++++++++++++++++++++++++++++++++

     Dip,Strike,Rake     77.30   266.16    38.26
     Dip,Strike,Rake     52.84   166.33   163.99   Auxiliary Plane
     Lower Hem. Trend, Plunge of A,N     76.33    37.16   176.16    12.70
     Lower Hem. Trend, Plunge of P,T     31.40    15.76   133.07    35.63
     B trend, B plunge, Angle:  281.74  50.00  70.00

 P Polarity error at  TKL  TQTN CPO  BENN PKNC PWLA HWV  VWV 
 P Polarity weights:  0.26 0.08 0.08 0.34 0.04 0.11 0.58 0.48
  Total P polarity weight is  1.958   Total number:   8
 +++++++++++++++++++++++++++++++++++++++++++++++++++++++++++++++++++++++++++++

     Dip,Strike,Rake     80.42   270.14    39.03
     Dip,Strike,Rake     51.62   172.46   167.75   Auxiliary Plane
     Lower Hem. Trend, Plunge of A,N     82.46    38.38   180.14     9.58
     Lower Hem. Trend, Plunge of P,T     35.60    18.75   138.74    33.83
     B trend, B plunge, Angle:  281.74  50.00  75.00

 P Polarity error at  TKL  CPO  BENN PWLA HWV  VWV 
 P Polarity weights:  0.30 0.00 0.17 0.11 0.71 0.62
  Total P polarity weight is  1.912   Total number:   6
 +++++++++++++++++++++++++++++++++++++++++++++++++++++++++++++++++++++++++++++

     Dip,Strike,Rake     74.24   269.91    37.25
     Dip,Strike,Rake     54.37   168.24   160.47   Auxiliary Plane
     Lower Hem. Trend, Plunge of A,N     78.24    35.63   179.91    15.76
     Lower Hem. Trend, Plunge of P,T     35.14    12.70   134.98    37.16
     B trend, B plunge, Angle:  289.57  50.00  65.00

 P Polarity error at  TKL  BENN PKNC PWLA HWV  VWV 
 P Polarity weights:  0.36 0.30 0.01 0.17 0.58 0.49
  Total P polarity weight is  1.894   Total number:   6
 +++++++++++++++++++++++++++++++++++++++++++++++++++++++++++++++++++++++++++++

     Dip,Strike,Rake     90.00   263.41    35.00
     Dip,Strike,Rake     55.00   173.41  -180.00   Auxiliary Plane
     Lower Hem. Trend, Plunge of A,N     83.41    35.00   353.41     0.00
     Lower Hem. Trend, Plunge of P,T     32.74    23.93   134.09    23.93
     B trend, B plunge, Angle:  263.41  55.00  90.00

 P Polarity error at  TKL  TQTN CPO  BENN SHTN PWLA HWV  VWV 
 P Polarity weights:  0.14 0.02 0.21 0.15 0.04 0.02 0.75 0.66
  Total P polarity weight is  1.994   Total number:   8
 +++++++++++++++++++++++++++++++++++++++++++++++++++++++++++++++++++++++++++++

     Dip,Strike,Rake     84.28   263.98    34.59
     Dip,Strike,Rake     55.61   170.05   173.07   Auxiliary Plane
     Lower Hem. Trend, Plunge of A,N     80.05    34.39   173.98     5.72
     Lower Hem. Trend, Plunge of P,T     32.03    19.21   132.72    28.02
     B trend, B plunge, Angle:  272.20  55.00  80.00

 P Polarity error at  TKL  TQTN CPO  BENN PWLA HWV  VWV 
 P Polarity weights:  0.19 0.07 0.17 0.26 0.06 0.67 0.57
  Total P polarity weight is  1.982   Total number:   7
 +++++++++++++++++++++++++++++++++++++++++++++++++++++++++++++++++++++++++++++

     Dip,Strike,Rake     87.13   268.10    34.90
     Dip,Strike,Rake     55.15   176.10   176.51   Auxiliary Plane
     Lower Hem. Trend, Plunge of A,N     86.10    34.85   178.10     2.87
     Lower Hem. Trend, Plunge of P,T     36.70    21.63   137.88    26.06
     B trend, B plunge, Angle:  272.20  55.00  85.00

 P Polarity error at  TKL  CPO  BENN PWLA HWV  VWV 
 P Polarity weights:  0.25 0.08 0.09 0.08 0.78 0.70
  Total P polarity weight is  1.974   Total number:   6
 +++++++++++++++++++++++++++++++++++++++++++++++++++++++++++++++++++++++++++++

     Dip,Strike,Rake     81.46   268.60    34.07
     Dip,Strike,Rake     56.36   172.86   169.73   Auxiliary Plane
     Lower Hem. Trend, Plunge of A,N     82.86    33.64   178.60     8.54
     Lower Hem. Trend, Plunge of P,T     36.29    16.67   136.15    29.78
     B trend, B plunge, Angle:  280.98  55.00  75.00

 P Polarity error at  TKL  CPO  BENN PWLA HWV  VWV 
 P Polarity weights:  0.30 0.05 0.19 0.13 0.69 0.60
  Total P polarity weight is  1.960   Total number:   6
 +++++++++++++++++++++++++++++++++++++++++++++++++++++++++++++++++++++++++++++

     Dip,Strike,Rake     75.97   268.85    32.40
     Dip,Strike,Rake     58.68   170.11   163.52   Auxiliary Plane
     Lower Hem. Trend, Plunge of A,N     80.11    31.32   178.85    14.03
     Lower Hem. Trend, Plunge of P,T     36.36    11.31   133.71    32.61
     B trend, B plunge, Angle:  289.76  55.00  65.00

 P Polarity error at  TKL  TQTN CPO  BENN PKNC PWLA HWV  VWV 
 P Polarity weights:  0.36 0.01 0.02 0.29 0.00 0.19 0.58 0.49
  Total P polarity weight is  1.942   Total number:   8
 +++++++++++++++++++++++++++++++++++++++++++++++++++++++++++++++++++++++++++++


 There are 168 acceptable solutions
