  Mon May 29 18:00:05 2017 for program Focmec
 Event 8703270729 1 UW error max, no emergent arrivals
 Input from a file 8703270729.inp
 Chapman et al. 1997 Event 12: 8703270729305.  Emergent coded
 Not including emergent polarity picks
 Polarities/Errors:  P 022/01  SV 000/00  SH 000/00
 There are no amplitude ratio data
 The minimum, increment and maximum B axis trend:     0.00    5.00  355.00
 The limits for the B axis plunge:     0.00    5.00   90.00
 The limits for Angle:     0.00    5.00  175.00
    Dip   Strike   Rake    Pol: P     SV    SH
   21.09  125.71   44.01       1.00  0.00  0.00
   85.17  276.42   74.95       1.00  0.00  0.00
   24.81  117.49   35.42       1.00  0.00  0.00
   90.00  275.29   70.00       1.00  0.00  0.00
   85.30   97.01  -69.93       1.00  0.00  0.00
   85.30  278.87   69.93       1.00  0.00  0.00
   90.00  280.59   70.00       1.00  0.00  0.00
   28.90  114.07   29.03       1.00  0.00  0.00
   85.47  274.81   64.92       1.00  0.00  0.00
   80.95  278.20   64.66       1.00  0.00  0.00
   85.47  280.34   64.92       1.00  0.00  0.00
   31.47  109.43   16.74       1.00  0.00  0.00
   30.38  111.54    8.58       1.00  0.00  0.00
   90.00  272.90   60.00       1.00  0.00  0.00
   81.35  273.67   59.62       1.00  0.00  0.00
   85.67  276.20   59.91       1.00  0.00  0.00
   90.00  278.71   60.00       1.00  0.00  0.00
   77.05  276.89   59.13       1.00  0.00  0.00
   81.35  279.48   59.62       1.00  0.00  0.00
   85.91  271.70   54.90       1.00  0.00  0.00
   90.00  274.58   55.00       1.00  0.00  0.00
   77.76  271.94   54.06       1.00  0.00  0.00
   81.82  274.90   54.59       1.00  0.00  0.00
   85.91  277.81   54.90       1.00  0.00  0.00
   90.00  280.68   55.00       1.00  0.00  0.00
   73.73  274.99   53.31       1.00  0.00  0.00
   77.76  278.04   54.06       1.00  0.00  0.00
   69.75  277.91   52.31       1.00  0.00  0.00
   60.50   83.98  -42.39       1.00  0.00  0.00
   67.48   82.54  -45.90       1.00  0.00  0.00
   82.36   94.83  -49.57       1.00  0.00  0.00
   86.17  271.69   49.89       1.00  0.00  0.00
   90.00  274.91   50.00       1.00  0.00  0.00
   86.17   98.13  -49.89       1.00  0.00  0.00
   78.56  271.68   49.02       1.00  0.00  0.00
   82.36  274.99   49.57       1.00  0.00  0.00
   86.17  278.24   49.89       1.00  0.00  0.00
   74.81  274.83   48.24       1.00  0.00  0.00
   78.56  278.23   49.02       1.00  0.00  0.00
   71.11  277.86   47.21       1.00  0.00  0.00
   62.97   83.62  -37.45       1.00  0.00  0.00
   69.30   82.21  -40.89       1.00  0.00  0.00
   82.95   95.34  -44.56       1.00  0.00  0.00
   86.47  271.75   44.89       1.00  0.00  0.00
   90.00  275.29   45.00       1.00  0.00  0.00
   86.47   98.83  -44.89       1.00  0.00  0.00
   79.45  271.62   44.01       1.00  0.00  0.00
   82.95  275.25   44.56       1.00  0.00  0.00
   86.47  278.81   44.89       1.00  0.00  0.00
   72.61  271.16   42.19       1.00  0.00  0.00
   76.00  274.98   43.22       1.00  0.00  0.00
   79.45  278.68   44.01       1.00  0.00  0.00
   69.30  274.26   40.89       1.00  0.00  0.00
   72.61  278.22   42.19       1.00  0.00  0.00
   66.07  277.19   39.32       1.00  0.00  0.00
   50.18   88.69    4.18       1.00  0.00  0.00
   50.00   90.00    0.00       1.00  0.00  0.00
   62.97   84.41  -30.68       1.00  0.00  0.00
   68.37   82.99  -34.50       1.00  0.00  0.00
   83.59   93.78  -39.57       1.00  0.00  0.00
   80.42   97.69  -39.03       1.00  0.00  0.00
   90.00  273.91   40.00       1.00  0.00  0.00
   86.79   97.75  -39.89       1.00  0.00  0.00
   83.59  274.05   39.57       1.00  0.00  0.00
   86.79  277.90   39.89       1.00  0.00  0.00
   74.24  269.91   37.25       1.00  0.00  0.00
   77.30  273.99   38.26       1.00  0.00  0.00
   80.42  277.97   39.03       1.00  0.00  0.00
   71.25  273.53   36.01       1.00  0.00  0.00
   74.24  277.73   37.25       1.00  0.00  0.00
   68.37  277.01   34.50       1.00  0.00  0.00
   62.97  275.59   30.68       1.00  0.00  0.00
   55.61   88.98    6.93       1.00  0.00  0.00
   55.00   85.61    0.00       1.00  0.00  0.00
   55.15   88.29   -3.49       1.00  0.00  0.00
   60.22   85.56  -19.30       1.00  0.00  0.00
   63.94   83.82  -24.23       1.00  0.00  0.00
   68.37   82.80  -28.21       1.00  0.00  0.00
   70.79   95.69  -29.84       1.00  0.00  0.00
   75.97   95.54  -32.40       1.00  0.00  0.00
   81.46   95.79  -34.07       1.00  0.00  0.00
   90.00  272.20   35.00       1.00  0.00  0.00
   87.13   96.29  -34.90       1.00  0.00  0.00
   84.28  272.76   34.59       1.00  0.00  0.00
   87.13  276.88   34.90       1.00  0.00  0.00
   90.00  280.98   35.00       1.00  0.00  0.00
   78.69  273.15   33.34       1.00  0.00  0.00
   81.46  277.38   34.07       1.00  0.00  0.00
   73.33  273.23   31.23       1.00  0.00  0.00
   75.97  277.63   32.40       1.00  0.00  0.00
   68.37  272.81   28.21       1.00  0.00  0.00
   70.79  277.48   29.84       1.00  0.00  0.00
   66.07  276.77   26.34       1.00  0.00  0.00
   61.98  275.40   21.88       1.00  0.00  0.00
   73.33   81.23  -25.31       1.00  0.00  0.00
   71.25   96.01  -23.86       1.00  0.00  0.00
   75.52   96.57  -26.57       1.00  0.00  0.00
   80.15   97.50  -28.48       1.00  0.00  0.00
   87.50   94.33  -29.91       1.00  0.00  0.00
   85.02   98.68  -29.62       1.00  0.00  0.00
   85.02  271.32   29.62       1.00  0.00  0.00
   87.50  275.67   29.91       1.00  0.00  0.00
   90.00  280.00   30.00       1.00  0.00  0.00
   80.15  272.50   28.48       1.00  0.00  0.00
   82.56  276.94   29.15       1.00  0.00  0.00
   75.52  273.43   26.57       1.00  0.00  0.00
   77.80  278.01   27.62       1.00  0.00  0.00
   71.25  273.99   23.86       1.00  0.00  0.00
   73.33  278.77   25.31       1.00  0.00  0.00
   67.48  274.10   20.36       1.00  0.00  0.00
   74.24   97.25  -19.66       1.00  0.00  0.00
   79.71   94.91  -22.91       1.00  0.00  0.00
   85.79   93.08  -24.67       1.00  0.00  0.00
   83.72   97.65  -24.25       1.00  0.00  0.00
   90.00  276.00   25.00       1.00  0.00  0.00
   87.89  100.53  -24.92       1.00  0.00  0.00
   83.72  274.35   24.25       1.00  0.00  0.00
   85.79  278.92   24.67       1.00  0.00  0.00
   77.80  272.38   21.99       1.00  0.00  0.00
   79.71  277.09   22.91       1.00  0.00  0.00
   74.24  274.75   19.66       1.00  0.00  0.00
   71.11  276.79   16.69       1.00  0.00  0.00
   67.48  273.23   11.15       1.00  0.00  0.00
   65.91  274.47    6.88       1.00  0.00  0.00
   70.71   95.68   -5.38       1.00  0.00  0.00
   78.69   98.14  -16.60       1.00  0.00  0.00
   84.92   93.33  -19.37       1.00  0.00  0.00
   83.28   98.08  -18.88       1.00  0.00  0.00
   90.00  273.60   20.00       1.00  0.00  0.00
   88.29   98.30  -19.93       1.00  0.00  0.00
   84.92  273.87   19.37       1.00  0.00  0.00
   86.60  278.59   19.72       1.00  0.00  0.00
   80.15  273.92   17.50       1.00  0.00  0.00
   81.69  278.74   18.26       1.00  0.00  0.00
   76.00  273.58   14.43       1.00  0.00  0.00
   77.30  278.54   15.58       1.00  0.00  0.00
   72.77  272.77   10.31       1.00  0.00  0.00
   73.73  277.89   11.79       1.00  0.00  0.00
   71.25  276.77    7.10       1.00  0.00  0.00
   75.92   97.77   -5.24       1.00  0.00  0.00
   78.56   96.39   -9.77       1.00  0.00  0.00
   82.56   95.46  -13.06       1.00  0.00  0.00
   87.42   94.93  -14.78       1.00  0.00  0.00
   86.16   99.77  -14.51       1.00  0.00  0.00
   87.42  274.54   14.78       1.00  0.00  0.00
   88.71  279.38   14.95       1.00  0.00  0.00
   82.56  274.01   13.06       1.00  0.00  0.00
   83.72  278.91   13.65       1.00  0.00  0.00
   78.56  273.09    9.77       1.00  0.00  0.00
   79.45  278.10   10.73       1.00  0.00  0.00
   76.43  276.82    6.46       1.00  0.00  0.00
   80.15  280.15    1.75       1.00  0.00  0.00
   80.04   98.77   -0.88       1.00  0.00  0.00
   81.82   96.13   -5.78       1.00  0.00  0.00
   85.79   93.90   -9.08       1.00  0.00  0.00
   85.02   98.85   -8.68       1.00  0.00  0.00
   89.13  272.00    9.96       1.00  0.00  0.00
   90.00  276.92   10.00       1.00  0.00  0.00
   85.02  274.99    8.68       1.00  0.00  0.00
   85.79  279.95    9.08       1.00  0.00  0.00
   81.35  272.69    5.04       1.00  0.00  0.00
   81.82  277.72    5.78       1.00  0.00  0.00
   85.08  280.04    0.87       1.00  0.00  0.00
   87.13   94.90   -4.10       1.00  0.00  0.00
   86.79   99.89   -3.83       1.00  0.00  0.00
   87.89  275.08    4.53       1.00  0.00  0.00
   88.29  280.07    4.70       1.00  0.00  0.00
   90.00  280.00   -0.00       1.00  0.00  0.00
