  Mon May 29 20:25:46 2017 for program Focmec
 Event 8703270729 2.0 RW polarity errors
 Input from a file 8703270729.inp
 Chapman et al. 1997 Event 12: 8703270729305.  Emergent coded
 Including emergent polarity picks
 Polarities/Errors:  P 037/ 2.0  SV 000/ 0.0  SH 000/ 0.0
 There are no amplitude ratio data
 The minimum, increment and maximum B axis trend:     0.00    5.00  355.00
 The limits for the B axis plunge:     0.00    5.00   90.00
 The limits for Angle:     0.00    5.00  175.00
    Dip   Strike   Rake    Pol: P     SV    SH
   85.17   78.44  -74.95       1.92  0.00  0.00
   80.34   79.76  -74.78       1.99  0.00  0.00
   90.00  262.29   75.00       1.87  0.00  0.00
   85.17   83.58  -74.95       1.88  0.00  0.00
   85.17  266.13   74.95       1.99  0.00  0.00
   90.00  267.43   75.00       1.87  0.00  0.00
   85.17  271.27   74.95       1.99  0.00  0.00
   85.30   75.83  -69.93       1.94  0.00  0.00
   80.61   77.57  -69.72       1.95  0.00  0.00
   75.92   79.35  -69.35       1.97  0.00  0.00
   90.00  259.41   70.00       1.90  0.00  0.00
   85.30   81.13  -69.93       1.83  0.00  0.00
   80.61   82.86  -69.72       1.92  0.00  0.00
   85.30  262.99   69.93       1.92  0.00  0.00
   90.00  264.71   70.00       1.77  0.00  0.00
   85.30   86.42  -69.93       1.86  0.00  0.00
   80.61  266.55   69.72       1.97  0.00  0.00
   85.30  268.29   69.93       1.88  0.00  0.00
   90.00  270.00   70.00       1.82  0.00  0.00
   80.61  271.84   69.72       1.96  0.00  0.00
   85.30  273.58   69.93       1.91  0.00  0.00
   57.39  288.30   66.04       1.98  0.00  0.00
   76.43   75.69  -64.23       1.98  0.00  0.00
   71.94   77.98  -63.61       1.97  0.00  0.00
   85.47   76.89  -64.92       1.94  0.00  0.00
   80.95   79.03  -64.66       1.85  0.00  0.00
   76.43   81.23  -64.23       1.92  0.00  0.00
   90.00  260.31   65.00       1.85  0.00  0.00
   85.47   82.43  -64.92       1.80  0.00  0.00
   80.95   84.57  -64.66       1.90  0.00  0.00
   85.47  263.73   64.92       1.86  0.00  0.00
   90.00  265.85   65.00       1.79  0.00  0.00
   85.47   87.96  -64.92       1.86  0.00  0.00
   80.95  267.12   64.66       1.87  0.00  0.00
   85.47  269.27   64.92       1.80  0.00  0.00
   90.00  271.38   65.00       1.87  0.00  0.00
   76.43  270.46   64.23       1.92  0.00  0.00
   80.95  272.66   64.66       1.86  0.00  0.00
   85.47  274.81   64.92       1.92  0.00  0.00
   71.94  273.72   63.61       1.96  0.00  0.00
   76.43  276.00   64.23       1.89  0.00  0.00
   80.95  278.20   64.66       1.94  0.00  0.00
   67.48  276.85   62.77       1.95  0.00  0.00
   71.94  279.26   63.61       1.90  0.00  0.00
   76.43  281.54   64.23       1.97  0.00  0.00
   63.05  279.83   61.70       1.92  0.00  0.00
   67.48  282.39   62.77       1.92  0.00  0.00
   71.94  284.79   63.61       1.99  0.00  0.00
   63.05  285.36   61.70       1.88  0.00  0.00
   67.48  287.93   62.77       1.97  0.00  0.00
   58.68  288.13   60.35       1.99  0.00  0.00
   63.05  290.90   61.70       1.95  0.00  0.00
   72.77   74.19  -58.43       1.98  0.00  0.00
   68.53   77.00  -57.50       1.94  0.00  0.00
   77.05   77.31  -59.13       1.89  0.00  0.00
   72.77   79.99  -58.43       1.89  0.00  0.00
   85.67   77.99  -59.91       1.92  0.00  0.00
   81.35   80.52  -59.62       1.81  0.00  0.00
   77.05   83.11  -59.13       1.88  0.00  0.00
   90.00  261.29   60.00       1.85  0.00  0.00
   85.67   83.80  -59.91       1.80  0.00  0.00
   81.35   86.33  -59.62       1.87  0.00  0.00
   85.67  264.59   59.91       1.78  0.00  0.00
   90.00  267.10   60.00       1.80  0.00  0.00
   85.67   89.60  -59.91       1.89  0.00  0.00
   81.35  267.86   59.62       1.77  0.00  0.00
   85.67  270.40   59.91       1.79  0.00  0.00
   90.00  272.90   60.00       1.92  0.00  0.00
   72.77  268.40   58.43       1.99  0.00  0.00
   77.05  271.08   59.13       1.76  0.00  0.00
   81.35  273.67   59.62       1.80  0.00  0.00
   85.67  276.20   59.91       1.96  0.00  0.00
   68.53  271.39   57.50       1.95  0.00  0.00
   72.77  274.20   58.43       1.76  0.00  0.00
   77.05  276.89   59.13       1.78  0.00  0.00
   81.35  279.48   59.62       1.97  0.00  0.00
   68.53  277.20   57.50       1.76  0.00  0.00
   72.77  280.01   58.43       1.75  0.00  0.00
   77.05  282.69   59.13       1.98  0.00  0.00
   64.34  280.03   56.31       1.85  0.00  0.00
   68.53  283.00   57.50       1.77  0.00  0.00
   60.22  282.64   54.82       1.96  0.00  0.00
   64.34  285.83   56.31       1.87  0.00  0.00
   73.73   75.86  -53.31       1.98  0.00  0.00
   77.76   78.91  -54.06       1.82  0.00  0.00
   73.73   81.96  -53.31       1.90  0.00  0.00
   85.91   79.14  -54.90       1.89  0.00  0.00
   81.82   82.05  -54.59       1.79  0.00  0.00
   77.76   85.01  -54.06       1.88  0.00  0.00
   85.91  259.50   54.90       1.93  0.00  0.00
   90.00  262.37   55.00       1.83  0.00  0.00
   85.91   85.25  -54.90       1.80  0.00  0.00
   81.82   88.15  -54.59       1.90  0.00  0.00
   81.82  262.70   54.59       1.87  0.00  0.00
   85.91  265.60   54.90       1.76  0.00  0.00
   90.00  268.47   55.00       1.79  0.00  0.00
   85.91   91.35  -54.90       1.92  0.00  0.00
   77.76  265.84   54.06       1.83  0.00  0.00
   81.82  268.80   54.59       1.71  0.00  0.00
   85.91  271.70   54.90       1.78  0.00  0.00
   90.00  274.58   55.00       1.96  0.00  0.00
   73.73  268.89   53.31       1.80  0.00  0.00
   77.76  271.94   54.06       1.69  0.00  0.00
   81.82  274.90   54.59       1.78  0.00  0.00
   85.91  277.81   54.90       1.99  0.00  0.00
   69.75  271.81   52.31       1.83  0.00  0.00
   73.73  274.99   53.31       1.71  0.00  0.00
   77.76  278.04   54.06       1.78  0.00  0.00
   81.82  281.00   54.59       2.00  0.00  0.00
   65.82  274.56   51.04       1.90  0.00  0.00
   69.75  277.91   52.31       1.76  0.00  0.00
   73.73  281.09   53.31       1.85  0.00  0.00
   61.98  277.10   49.48       1.99  0.00  0.00
   65.82  280.66   51.04       1.87  0.00  0.00
   69.75  284.01   52.31       1.96  0.00  0.00
   78.56   78.50  -49.02       1.96  0.00  0.00
   86.17   78.49  -49.89       1.92  0.00  0.00
   82.36   81.74  -49.57       1.85  0.00  0.00
   78.56   85.05  -49.02       1.97  0.00  0.00
   86.17  258.60   49.89       1.97  0.00  0.00
   90.00  261.82   50.00       1.85  0.00  0.00
   86.17   85.04  -49.89       1.82  0.00  0.00
   82.36   88.28  -49.57       1.95  0.00  0.00
   82.36  261.90   49.57       1.89  0.00  0.00
   86.17  265.14   49.89       1.78  0.00  0.00
   90.00  268.36   50.00       1.80  0.00  0.00
   86.17   91.58  -49.89       1.93  0.00  0.00
   78.56  265.14   49.02       1.81  0.00  0.00
   82.36  268.44   49.57       1.76  0.00  0.00
   86.17  271.69   49.89       1.79  0.00  0.00
   90.00  274.91   50.00       1.97  0.00  0.00
   74.81  268.29   48.24       1.77  0.00  0.00
   78.56  271.68   49.02       1.78  0.00  0.00
   82.36  274.99   49.57       1.85  0.00  0.00
   71.11  271.31   47.21       1.79  0.00  0.00
   74.81  274.83   48.24       1.84  0.00  0.00
   78.56  278.23   49.02       1.91  0.00  0.00
   67.48  274.18   45.90       1.87  0.00  0.00
   71.11  277.86   47.21       1.90  0.00  0.00
   63.94  276.86   44.31       1.96  0.00  0.00
   82.95   81.22  -44.56       1.94  0.00  0.00
   90.00  261.18   45.00       1.94  0.00  0.00
   86.47   84.72  -44.89       1.90  0.00  0.00
   82.95  261.13   44.56       1.97  0.00  0.00
   86.47  264.70   44.89       1.86  0.00  0.00
   90.00  268.24   45.00       1.88  0.00  0.00
   79.45  264.57   44.01       1.90  0.00  0.00
   82.95  268.19   44.56       1.84  0.00  0.00
   86.47  271.75   44.89       1.88  0.00  0.00
   76.00  267.92   43.22       1.84  0.00  0.00
   79.45  271.62   44.01       1.87  0.00  0.00
   82.95  275.25   44.56       1.97  0.00  0.00
   72.61  271.16   42.19       1.85  0.00  0.00
   76.00  274.98   43.22       1.95  0.00  0.00
   69.30  274.26   40.89       1.93  0.00  0.00
   86.79   82.10  -39.89       1.98  0.00  0.00
   86.79  262.25   39.89       1.97  0.00  0.00
   90.00  266.09   40.00       1.94  0.00  0.00
   83.59  266.22   39.57       1.90  0.00  0.00
   86.79  270.08   39.89       1.93  0.00  0.00
   77.30  266.16   38.26       1.96  0.00  0.00
   80.42  270.14   39.03       1.91  0.00  0.00
   74.24  269.91   37.25       1.89  0.00  0.00
   90.00  263.41   35.00       1.99  0.00  0.00
   84.28  263.98   34.59       1.98  0.00  0.00
   87.13  268.10   34.90       1.97  0.00  0.00
   81.46  268.60   34.07       1.96  0.00  0.00
   75.97  268.85   32.40       1.94  0.00  0.00
