  Mon May 29 19:56:53 2017 for program Focplt
 Plotting P nodal planes
 
  Solutions input from file focmec_UW-4.out
   Mon May 29 17:56:58 2017 for program Focmec
  Event 8703270729 4 UW errors max
  Input from a file 8703270729.inp
  Chapman et al. 1997 Event 12: 8703270729305.  Emergent coded
  Including emergent polarity picks
  Polarities/Errors:  P 037/04  SV 000/00  SH 000/00
  There are no amplitude ratio data
  The minimum, increment and maximum B axis trend:     0.00    5.00  355.00
  The limits for the B axis plunge:     0.00    5.00   90.00
  The limits for Angle:     0.00    5.00  175.00
 Plotting P nodal planes
 
  Solutions input from file focmec_RW-1.75.out
   Mon May 29 19:05:33 2017 for program Focmec
  Event 8703270729 1.75 relative weighted errors
  Input from a file 8703270729.inp
  Chapman et al. 1997 Event 12: 8703270729305.  Emergent coded
  Including emergent polarity picks
  Polarities/Errors:  P 037/ 1.8  SV 000/ 0.0  SH 000/ 0.0
  There are no amplitude ratio data
  The minimum, increment and maximum B axis trend:     0.00    5.00  355.00
  The limits for the B axis plunge:     0.00    5.00   90.00
  The limits for Angle:     0.00    5.00  175.00
